;  LST file generated by mikroListExporter - v.2.0 
; Date/Time: 1/28/2016 1:50:51 PM
;----------------------------------------------

;Address Opcode 	ASM
0x0000	0x2AC6      	GOTO       710
_interrupt:
0x0004	0x00FF      	MOVWF      R15
0x0005	0x0E03      	SWAPF      STATUS, 0
0x0006	0x0183      	CLRF       STATUS
0x0007	0x1683      	BSF        STATUS, 5
0x0008	0x00AC      	MOVWF      ___saveSTATUS
0x0009	0x080A      	MOVF       PCLATH, 0
0x000A	0x00AD      	MOVWF      ___savePCLATH
0x000B	0x018A      	CLRF       PCLATH
0x000C	0x0870      	MOVF       R0, 0
0x000D	0x1283      	BCF        STATUS, 5
0x000E	0x00A3      	MOVWF      35
0x000F	0x0871      	MOVF       R1, 0
0x0010	0x00A2      	MOVWF      34
0x0011	0x0872      	MOVF       R2, 0
0x0012	0x00A1      	MOVWF      33
0x0013	0x087D      	MOVF       R13, 0
0x0014	0x00A0      	MOVWF      32
;auto.c,106 :: 		void interrupt(){
;auto.c,116 :: 		if (PIR1 & 0x01)
0x0015	0x1C0C      	BTFSS      PIR1, 0
0x0016	0x282F      	GOTO       L_interrupt19
;auto.c,119 :: 		PIR1 &= ~0x01; // Clear flag
0x0017	0x100C      	BCF        PIR1, 0
;auto.c,120 :: 		T1CON &= ~0x01; // Disable counter to avoid errors
0x0018	0x1010      	BCF        T1CON, 0
;auto.c,123 :: 		temp_res_forward = ADC_Read(2);
0x0019	0x3002      	MOVLW      2
0x001A	0x1683      	BSF        STATUS, 5
0x001B	0x00BD      	MOVWF      FARG_ADC_Read_channel
0x001C	0x2201      	CALL       _ADC_Read
0x001D	0x0870      	MOVF       R0, 0
0x001E	0x00B1      	MOVWF      _temp_res_forward
0x001F	0x0871      	MOVF       R0+1, 0
0x0020	0x00B2      	MOVWF      _temp_res_forward+1
;auto.c,124 :: 		temp_res_backward = ADC_Read(3);
0x0021	0x3003      	MOVLW      3
0x0022	0x00BD      	MOVWF      FARG_ADC_Read_channel
0x0023	0x2201      	CALL       _ADC_Read
0x0024	0x0870      	MOVF       R0, 0
0x0025	0x00AE      	MOVWF      _temp_res_backward
0x0026	0x0871      	MOVF       R0+1, 0
0x0027	0x00AF      	MOVWF      _temp_res_backward+1
;auto.c,127 :: 		TMR1L = 0x24;
0x0028	0x3024      	MOVLW      36
0x0029	0x1283      	BCF        STATUS, 5
0x002A	0x008E      	MOVWF      TMR1L
;auto.c,128 :: 		TMR1H = 0xCF;
0x002B	0x30CF      	MOVLW      207
0x002C	0x008F      	MOVWF      TMR1H
;auto.c,129 :: 		T1CON |= 0x01; // Enable counter
0x002D	0x1410      	BSF        T1CON, 0
;auto.c,130 :: 		return;
0x002E	0x282F      	GOTO       L__interrupt34
;auto.c,131 :: 		}
L_interrupt19:
;auto.c,132 :: 		}
L__interrupt34:
0x002F	0x0823      	MOVF       35, 0
0x0030	0x00F0      	MOVWF      R0
0x0031	0x0822      	MOVF       34, 0
0x0032	0x00F1      	MOVWF      R1
0x0033	0x0821      	MOVF       33, 0
0x0034	0x00F2      	MOVWF      R2
0x0035	0x0820      	MOVF       32, 0
0x0036	0x00FD      	MOVWF      R13
0x0037	0x1683      	BSF        STATUS, 5
0x0038	0x082D      	MOVF       ___savePCLATH, 0
0x0039	0x008A      	MOVWF      PCLATH
0x003A	0x0E2C      	SWAPF      ___saveSTATUS, 0
0x003B	0x0083      	MOVWF      STATUS
0x003C	0x0EFF      	SWAPF      R15, 1
0x003D	0x0E7F      	SWAPF      R15, 0
0x003E	0x0009      	RETFIE
; end of _interrupt
_Delay_5500us:
;__Lib_Delays.c,31 :: 		void Delay_5500us() {
;__Lib_Delays.c,32 :: 		Delay_us(5500);
0x003F	0x300F      	MOVLW      15
0x0040	0x1283      	BCF        STATUS, 5
0x0041	0x1303      	BCF        STATUS, 6
0x0042	0x00FC      	MOVWF      R12
0x0043	0x3047      	MOVLW      71
0x0044	0x00FD      	MOVWF      R13
L_Delay_5500us5:
0x0045	0x0BFD      	DECFSZ     R13, 1
0x0046	0x2845      	GOTO       L_Delay_5500us5
0x0047	0x0BFC      	DECFSZ     R12, 1
0x0048	0x2845      	GOTO       L_Delay_5500us5
0x0049	0x0000      	NOP
0x004A	0x0000      	NOP
;__Lib_Delays.c,33 :: 		}
0x004B	0x0008      	RETURN
; end of _Delay_5500us
_Delay_1us:
;__Lib_Delays.c,7 :: 		void Delay_1us() {
;__Lib_Delays.c,8 :: 		Delay_us(1);
0x004C	0x0000      	NOP
0x004D	0x0000      	NOP
;__Lib_Delays.c,9 :: 		}
0x004E	0x0008      	RETURN
; end of _Delay_1us
_Delay_50us:
;__Lib_Delays.c,19 :: 		void Delay_50us() {
;__Lib_Delays.c,20 :: 		Delay_us(50);
0x004F	0x3021      	MOVLW      33
0x0050	0x1283      	BCF        STATUS, 5
0x0051	0x1303      	BCF        STATUS, 6
0x0052	0x00FD      	MOVWF      R13
L_Delay_50us2:
0x0053	0x0BFD      	DECFSZ     R13, 1
0x0054	0x2853      	GOTO       L_Delay_50us2
;__Lib_Delays.c,21 :: 		}
0x0055	0x0008      	RETURN
; end of _Delay_50us
_Lcd_Cmd:
;__Lib_Lcd.c,18 :: 		
;__Lib_Lcd.c,20 :: 		
0x0056	0x1683      	BSF        STATUS, 5
0x0057	0x1303      	BCF        STATUS, 6
0x0058	0x1BBC      	BTFSC      FARG_Lcd_Cmd_out_char, 7
0x0059	0x285D      	GOTO       L__Lcd_Cmd21
0x005A	0x1283      	BCF        STATUS, 5
0x005B	0x1186      	BCF        LCD_D7, BitPos(LCD_D7+0)
0x005C	0x285F      	GOTO       L__Lcd_Cmd22
L__Lcd_Cmd21:
0x005D	0x1283      	BCF        STATUS, 5
0x005E	0x1586      	BSF        LCD_D7, BitPos(LCD_D7+0)
L__Lcd_Cmd22:
;__Lib_Lcd.c,21 :: 		
0x005F	0x1683      	BSF        STATUS, 5
0x0060	0x1B3C      	BTFSC      FARG_Lcd_Cmd_out_char, 6
0x0061	0x2865      	GOTO       L__Lcd_Cmd23
0x0062	0x1283      	BCF        STATUS, 5
0x0063	0x1106      	BCF        LCD_D6, BitPos(LCD_D6+0)
0x0064	0x2867      	GOTO       L__Lcd_Cmd24
L__Lcd_Cmd23:
0x0065	0x1283      	BCF        STATUS, 5
0x0066	0x1506      	BSF        LCD_D6, BitPos(LCD_D6+0)
L__Lcd_Cmd24:
;__Lib_Lcd.c,22 :: 		
0x0067	0x1683      	BSF        STATUS, 5
0x0068	0x1ABC      	BTFSC      FARG_Lcd_Cmd_out_char, 5
0x0069	0x286D      	GOTO       L__Lcd_Cmd25
0x006A	0x1283      	BCF        STATUS, 5
0x006B	0x1086      	BCF        LCD_D5, BitPos(LCD_D5+0)
0x006C	0x286F      	GOTO       L__Lcd_Cmd26
L__Lcd_Cmd25:
0x006D	0x1283      	BCF        STATUS, 5
0x006E	0x1486      	BSF        LCD_D5, BitPos(LCD_D5+0)
L__Lcd_Cmd26:
;__Lib_Lcd.c,23 :: 		
0x006F	0x1683      	BSF        STATUS, 5
0x0070	0x1A3C      	BTFSC      FARG_Lcd_Cmd_out_char, 4
0x0071	0x2875      	GOTO       L__Lcd_Cmd27
0x0072	0x1283      	BCF        STATUS, 5
0x0073	0x1006      	BCF        LCD_D4, BitPos(LCD_D4+0)
0x0074	0x2877      	GOTO       L__Lcd_Cmd28
L__Lcd_Cmd27:
0x0075	0x1283      	BCF        STATUS, 5
0x0076	0x1406      	BSF        LCD_D4, BitPos(LCD_D4+0)
L__Lcd_Cmd28:
;__Lib_Lcd.c,25 :: 		
0x0077	0x1683      	BSF        STATUS, 5
0x0078	0x1830      	BTFSC      __Lib_Lcd_cmd_status, BitPos(__Lib_Lcd_cmd_status+0)
0x0079	0x287D      	GOTO       L__Lcd_Cmd29
0x007A	0x1283      	BCF        STATUS, 5
0x007B	0x1606      	BSF        LCD_RS, BitPos(LCD_RS+0)
0x007C	0x287F      	GOTO       L__Lcd_Cmd30
L__Lcd_Cmd29:
0x007D	0x1283      	BCF        STATUS, 5
0x007E	0x1206      	BCF        LCD_RS, BitPos(LCD_RS+0)
L__Lcd_Cmd30:
;__Lib_Lcd.c,28 :: 		
0x007F	0x1686      	BSF        LCD_EN, BitPos(LCD_EN+0)
;__Lib_Lcd.c,29 :: 		
0x0080	0x204C      	CALL       _Delay_1us
;__Lib_Lcd.c,30 :: 		
0x0081	0x1286      	BCF        LCD_EN, BitPos(LCD_EN+0)
;__Lib_Lcd.c,33 :: 		
0x0082	0x1683      	BSF        STATUS, 5
0x0083	0x19BC      	BTFSC      FARG_Lcd_Cmd_out_char, 3
0x0084	0x2888      	GOTO       L__Lcd_Cmd31
0x0085	0x1283      	BCF        STATUS, 5
0x0086	0x1186      	BCF        LCD_D7, BitPos(LCD_D7+0)
0x0087	0x288A      	GOTO       L__Lcd_Cmd32
L__Lcd_Cmd31:
0x0088	0x1283      	BCF        STATUS, 5
0x0089	0x1586      	BSF        LCD_D7, BitPos(LCD_D7+0)
L__Lcd_Cmd32:
;__Lib_Lcd.c,34 :: 		
0x008A	0x1683      	BSF        STATUS, 5
0x008B	0x193C      	BTFSC      FARG_Lcd_Cmd_out_char, 2
0x008C	0x2890      	GOTO       L__Lcd_Cmd33
0x008D	0x1283      	BCF        STATUS, 5
0x008E	0x1106      	BCF        LCD_D6, BitPos(LCD_D6+0)
0x008F	0x2892      	GOTO       L__Lcd_Cmd34
L__Lcd_Cmd33:
0x0090	0x1283      	BCF        STATUS, 5
0x0091	0x1506      	BSF        LCD_D6, BitPos(LCD_D6+0)
L__Lcd_Cmd34:
;__Lib_Lcd.c,35 :: 		
0x0092	0x1683      	BSF        STATUS, 5
0x0093	0x18BC      	BTFSC      FARG_Lcd_Cmd_out_char, 1
0x0094	0x2898      	GOTO       L__Lcd_Cmd35
0x0095	0x1283      	BCF        STATUS, 5
0x0096	0x1086      	BCF        LCD_D5, BitPos(LCD_D5+0)
0x0097	0x289A      	GOTO       L__Lcd_Cmd36
L__Lcd_Cmd35:
0x0098	0x1283      	BCF        STATUS, 5
0x0099	0x1486      	BSF        LCD_D5, BitPos(LCD_D5+0)
L__Lcd_Cmd36:
;__Lib_Lcd.c,36 :: 		
0x009A	0x1683      	BSF        STATUS, 5
0x009B	0x183C      	BTFSC      FARG_Lcd_Cmd_out_char, 0
0x009C	0x28A0      	GOTO       L__Lcd_Cmd37
0x009D	0x1283      	BCF        STATUS, 5
0x009E	0x1006      	BCF        LCD_D4, BitPos(LCD_D4+0)
0x009F	0x28A2      	GOTO       L__Lcd_Cmd38
L__Lcd_Cmd37:
0x00A0	0x1283      	BCF        STATUS, 5
0x00A1	0x1406      	BSF        LCD_D4, BitPos(LCD_D4+0)
L__Lcd_Cmd38:
;__Lib_Lcd.c,38 :: 		
0x00A2	0x1683      	BSF        STATUS, 5
0x00A3	0x1830      	BTFSC      __Lib_Lcd_cmd_status, BitPos(__Lib_Lcd_cmd_status+0)
0x00A4	0x28A8      	GOTO       L__Lcd_Cmd39
0x00A5	0x1283      	BCF        STATUS, 5
0x00A6	0x1606      	BSF        LCD_RS, BitPos(LCD_RS+0)
0x00A7	0x28AA      	GOTO       L__Lcd_Cmd40
L__Lcd_Cmd39:
0x00A8	0x1283      	BCF        STATUS, 5
0x00A9	0x1206      	BCF        LCD_RS, BitPos(LCD_RS+0)
L__Lcd_Cmd40:
;__Lib_Lcd.c,40 :: 		
0x00AA	0x1686      	BSF        LCD_EN, BitPos(LCD_EN+0)
;__Lib_Lcd.c,41 :: 		
0x00AB	0x204C      	CALL       _Delay_1us
;__Lib_Lcd.c,42 :: 		
0x00AC	0x1286      	BCF        LCD_EN, BitPos(LCD_EN+0)
;__Lib_Lcd.c,44 :: 		
0x00AD	0x1683      	BSF        STATUS, 5
0x00AE	0x1C30      	BTFSS      __Lib_Lcd_cmd_status, BitPos(__Lib_Lcd_cmd_status+0)
0x00AF	0x28B2      	GOTO       L_Lcd_Cmd0
;__Lib_Lcd.c,45 :: 		
0x00B0	0x203F      	CALL       _Delay_5500us
0x00B1	0x28B3      	GOTO       L_Lcd_Cmd1
L_Lcd_Cmd0:
;__Lib_Lcd.c,47 :: 		
0x00B2	0x204F      	CALL       _Delay_50us
L_Lcd_Cmd1:
;__Lib_Lcd.c,48 :: 		
L_end_Lcd_Cmd:
0x00B3	0x0008      	RETURN
; end of _Lcd_Cmd
_Lcd_Chr_CP:
;__Lib_Lcd.c,50 :: 		
;__Lib_Lcd.c,52 :: 		
0x00B4	0x1683      	BSF        STATUS, 5
0x00B5	0x1303      	BCF        STATUS, 6
0x00B6	0x1030      	BCF        __Lib_Lcd_cmd_status, BitPos(__Lib_Lcd_cmd_status+0)
;__Lib_Lcd.c,53 :: 		
0x00B7	0x083B      	MOVF       FARG_Lcd_Chr_CP_out_char, 0
0x00B8	0x00BC      	MOVWF      FARG_Lcd_Cmd_out_char
0x00B9	0x2056      	CALL       _Lcd_Cmd
;__Lib_Lcd.c,54 :: 		
0x00BA	0x1683      	BSF        STATUS, 5
0x00BB	0x1430      	BSF        __Lib_Lcd_cmd_status, BitPos(__Lib_Lcd_cmd_status+0)
;__Lib_Lcd.c,55 :: 		
L_end_Lcd_Chr_CP:
0x00BC	0x0008      	RETURN
; end of _Lcd_Chr_CP
_Lcd_Out:
;__Lib_Lcd.c,184 :: 		
;__Lib_Lcd.c,187 :: 		
0x00BD	0x28CF      	GOTO       L_Lcd_Out11
;__Lib_Lcd.c,188 :: 		
L_Lcd_Out13:
0x00BE	0x3080      	MOVLW      128
0x00BF	0x1683      	BSF        STATUS, 5
0x00C0	0x1303      	BCF        STATUS, 6
0x00C1	0x00B7      	MOVWF      FARG_Lcd_Out_row
0x00C2	0x28E2      	GOTO       L_Lcd_Out12
;__Lib_Lcd.c,189 :: 		
L_Lcd_Out14:
0x00C3	0x30C0      	MOVLW      192
0x00C4	0x00B7      	MOVWF      FARG_Lcd_Out_row
0x00C5	0x28E2      	GOTO       L_Lcd_Out12
;__Lib_Lcd.c,190 :: 		
L_Lcd_Out15:
0x00C6	0x3094      	MOVLW      148
0x00C7	0x00B7      	MOVWF      FARG_Lcd_Out_row
0x00C8	0x28E2      	GOTO       L_Lcd_Out12
;__Lib_Lcd.c,191 :: 		
L_Lcd_Out16:
0x00C9	0x30D4      	MOVLW      212
0x00CA	0x00B7      	MOVWF      FARG_Lcd_Out_row
0x00CB	0x28E2      	GOTO       L_Lcd_Out12
;__Lib_Lcd.c,192 :: 		
L_Lcd_Out17:
0x00CC	0x3080      	MOVLW      128
0x00CD	0x00B7      	MOVWF      FARG_Lcd_Out_row
;__Lib_Lcd.c,193 :: 		
0x00CE	0x28E2      	GOTO       L_Lcd_Out12
L_Lcd_Out11:
0x00CF	0x1683      	BSF        STATUS, 5
0x00D0	0x1303      	BCF        STATUS, 6
0x00D1	0x0837      	MOVF       FARG_Lcd_Out_row, 0
0x00D2	0x3A01      	XORLW      1
0x00D3	0x1903      	BTFSC      STATUS, 2
0x00D4	0x28BE      	GOTO       L_Lcd_Out13
0x00D5	0x0837      	MOVF       FARG_Lcd_Out_row, 0
0x00D6	0x3A02      	XORLW      2
0x00D7	0x1903      	BTFSC      STATUS, 2
0x00D8	0x28C3      	GOTO       L_Lcd_Out14
0x00D9	0x0837      	MOVF       FARG_Lcd_Out_row, 0
0x00DA	0x3A03      	XORLW      3
0x00DB	0x1903      	BTFSC      STATUS, 2
0x00DC	0x28C6      	GOTO       L_Lcd_Out15
0x00DD	0x0837      	MOVF       FARG_Lcd_Out_row, 0
0x00DE	0x3A04      	XORLW      4
0x00DF	0x1903      	BTFSC      STATUS, 2
0x00E0	0x28C9      	GOTO       L_Lcd_Out16
0x00E1	0x28CC      	GOTO       L_Lcd_Out17
L_Lcd_Out12:
;__Lib_Lcd.c,194 :: 		
0x00E2	0x0338      	DECF       FARG_Lcd_Out_column, 0
0x00E3	0x00F0      	MOVWF      R0
0x00E4	0x0837      	MOVF       FARG_Lcd_Out_row, 0
0x00E5	0x07F0      	ADDWF      R0, 1
0x00E6	0x0870      	MOVF       R0, 0
0x00E7	0x00B7      	MOVWF      FARG_Lcd_Out_row
;__Lib_Lcd.c,196 :: 		
0x00E8	0x0870      	MOVF       R0, 0
0x00E9	0x00BC      	MOVWF      FARG_Lcd_Cmd_out_char
0x00EA	0x2056      	CALL       _Lcd_Cmd
;__Lib_Lcd.c,197 :: 		
0x00EB	0x1683      	BSF        STATUS, 5
0x00EC	0x1030      	BCF        __Lib_Lcd_cmd_status, BitPos(__Lib_Lcd_cmd_status+0)
;__Lib_Lcd.c,198 :: 		
0x00ED	0x01BA      	CLRF       Lcd_Out_i_L0
;__Lib_Lcd.c,199 :: 		
L_Lcd_Out18:
0x00EE	0x083A      	MOVF       Lcd_Out_i_L0, 0
0x00EF	0x0739      	ADDWF      FARG_Lcd_Out_text, 0
0x00F0	0x0084      	MOVWF      FSR
0x00F1	0x0800      	MOVF       INDF, 0
0x00F2	0x1903      	BTFSC      STATUS, 2
0x00F3	0x28FC      	GOTO       L_Lcd_Out19
;__Lib_Lcd.c,200 :: 		
0x00F4	0x083A      	MOVF       Lcd_Out_i_L0, 0
0x00F5	0x0739      	ADDWF      FARG_Lcd_Out_text, 0
0x00F6	0x0084      	MOVWF      FSR
0x00F7	0x0800      	MOVF       INDF, 0
0x00F8	0x00BB      	MOVWF      FARG_Lcd_Chr_CP_out_char
0x00F9	0x20B4      	CALL       _Lcd_Chr_CP
0x00FA	0x0ABA      	INCF       Lcd_Out_i_L0, 1
0x00FB	0x28EE      	GOTO       L_Lcd_Out18
L_Lcd_Out19:
;__Lib_Lcd.c,201 :: 		
0x00FC	0x1430      	BSF        __Lib_Lcd_cmd_status, BitPos(__Lib_Lcd_cmd_status+0)
;__Lib_Lcd.c,202 :: 		
L_end_Lcd_Out:
0x00FD	0x0008      	RETURN
; end of _Lcd_Out
_Delay_22us:
;__Lib_Delays.c,15 :: 		void Delay_22us() {
;__Lib_Delays.c,16 :: 		Delay_us(22);
0x00FE	0x300E      	MOVLW      14
0x00FF	0x1283      	BCF        STATUS, 5
0x0100	0x1303      	BCF        STATUS, 6
0x0101	0x00FD      	MOVWF      R13
L_Delay_22us1:
0x0102	0x0BFD      	DECFSZ     R13, 1
0x0103	0x2902      	GOTO       L_Delay_22us1
0x0104	0x0000      	NOP
;__Lib_Delays.c,17 :: 		}
0x0105	0x0008      	RETURN
; end of _Delay_22us
_Mul_16x16_U:
;__Lib_Math.c,136 :: 		
;__Lib_Math.c,143 :: 		
0x0106	0x1283      	BCF        STATUS, 5
;__Lib_Math.c,144 :: 		
0x0107	0x1303      	BCF        STATUS, 6
;__Lib_Math.c,145 :: 		
0x0108	0x01FB      	CLRF       R11
;__Lib_Math.c,146 :: 		
0x0109	0x01FA      	CLRF       R10
;__Lib_Math.c,147 :: 		
0x010A	0x01F9      	CLRF       R9
;__Lib_Math.c,148 :: 		
0x010B	0x3080      	MOVLW      128
;__Lib_Math.c,149 :: 		
0x010C	0x00F8      	MOVWF      R8
;__Lib_Math.c,150 :: 		
0x010D	0x0CF1      	RRF        R1, 1
;__Lib_Math.c,151 :: 		
0x010E	0x0CF0      	RRF        R0, 1
;__Lib_Math.c,152 :: 		
0x010F	0x1C03      	BTFSS      STATUS, 0
;__Lib_Math.c,153 :: 		
0x0110	0x291A      	GOTO       $+10
;__Lib_Math.c,154 :: 		
0x0111	0x0874      	MOVF       R4, 0
;__Lib_Math.c,155 :: 		
0x0112	0x07F9      	ADDWF      R9, 1
;__Lib_Math.c,156 :: 		
0x0113	0x0875      	MOVF       R5, 0
;__Lib_Math.c,157 :: 		
0x0114	0x1803      	BTFSC      STATUS, 0
;__Lib_Math.c,158 :: 		
0x0115	0x0F75      	INCFSZ     R5, 0
;__Lib_Math.c,159 :: 		
0x0116	0x07FA      	ADDWF      R10, 1
;__Lib_Math.c,160 :: 		
0x0117	0x1803      	BTFSC      STATUS, 0
;__Lib_Math.c,161 :: 		
0x0118	0x0AFB      	INCF       R11, 1
;__Lib_Math.c,162 :: 		
0x0119	0x1003      	BCF        STATUS, 0
;__Lib_Math.c,163 :: 		
0x011A	0x1FF0      	BTFSS      R0, 7
;__Lib_Math.c,164 :: 		
0x011B	0x2922      	GOTO       $+7
;__Lib_Math.c,165 :: 		
0x011C	0x0874      	MOVF       R4, 0
;__Lib_Math.c,166 :: 		
0x011D	0x07FA      	ADDWF      R10, 1
;__Lib_Math.c,167 :: 		
0x011E	0x0875      	MOVF       R5, 0
;__Lib_Math.c,168 :: 		
0x011F	0x1803      	BTFSC      STATUS, 0
;__Lib_Math.c,169 :: 		
0x0120	0x0F75      	INCFSZ     R5, 0
;__Lib_Math.c,170 :: 		
0x0121	0x07FB      	ADDWF      R11, 1
;__Lib_Math.c,171 :: 		
0x0122	0x0CFB      	RRF        R11, 1
;__Lib_Math.c,172 :: 		
0x0123	0x0CFA      	RRF        R10, 1
;__Lib_Math.c,173 :: 		
0x0124	0x0CF9      	RRF        R9, 1
;__Lib_Math.c,174 :: 		
0x0125	0x0CF8      	RRF        R8, 1
;__Lib_Math.c,175 :: 		
0x0126	0x1C03      	BTFSS      STATUS, 0
;__Lib_Math.c,176 :: 		
0x0127	0x290D      	GOTO       $-26
;__Lib_Math.c,177 :: 		
0x0128	0x087B      	MOVF       R11, 0
;__Lib_Math.c,178 :: 		
0x0129	0x00F3      	MOVWF      R3
;__Lib_Math.c,179 :: 		
0x012A	0x087A      	MOVF       R10, 0
;__Lib_Math.c,180 :: 		
0x012B	0x00F2      	MOVWF      R2
;__Lib_Math.c,181 :: 		
0x012C	0x0879      	MOVF       R9, 0
;__Lib_Math.c,182 :: 		
0x012D	0x00F1      	MOVWF      R1
;__Lib_Math.c,183 :: 		
0x012E	0x0878      	MOVF       R8, 0
;__Lib_Math.c,184 :: 		
0x012F	0x00F0      	MOVWF      R0
;__Lib_Math.c,187 :: 		
L_end_Mul_16x16_U:
0x0130	0x0008      	RETURN
; end of _Mul_16x16_U
_____DoICP:
;__Lib_System.c,6 :: 		
;__Lib_System.c,9 :: 		
0x0131	0x1683      	BSF        STATUS, 5
0x0132	0x1303      	BCF        STATUS, 6
0x0133	0x082A      	MOVF       ___DoICPAddr+1, 0
0x0134	0x008A      	MOVWF      PCLATH
;__Lib_System.c,10 :: 		
0x0135	0x0829      	MOVF       ___DoICPAddr, 0
0x0136	0x0082      	MOVWF      PCL
;__Lib_System.c,12 :: 		
L_end_____DoICP:
0x0137	0x0008      	RETURN
; end of _____DoICP
_UART1_Data_Ready:
;__Lib_UART_c67.c,16 :: 		
;__Lib_UART_c67.c,17 :: 		
0x0138	0x3000      	MOVLW      0
0x0139	0x1283      	BCF        STATUS, 5
0x013A	0x1303      	BCF        STATUS, 6
0x013B	0x1A8C      	BTFSC      PIR1, 5
0x013C	0x3001      	MOVLW      1
0x013D	0x00F0      	MOVWF      R0
;__Lib_UART_c67.c,18 :: 		
L_end_UART1_Data_Ready:
0x013E	0x0008      	RETURN
; end of _UART1_Data_Ready
_Lcd_Init:
;__Lib_Lcd.c,84 :: 		
;__Lib_Lcd.c,86 :: 		
0x013F	0x1683      	BSF        STATUS, 5
0x0140	0x1303      	BCF        STATUS, 6
0x0141	0x1286      	BCF        LCD_EN_Direction, BitPos(LCD_EN_Direction+0)
;__Lib_Lcd.c,87 :: 		
0x0142	0x1206      	BCF        LCD_RS_Direction, BitPos(LCD_RS_Direction+0)
;__Lib_Lcd.c,88 :: 		
0x0143	0x1006      	BCF        LCD_D4_Direction, BitPos(LCD_D4_Direction+0)
;__Lib_Lcd.c,89 :: 		
0x0144	0x1086      	BCF        LCD_D5_Direction, BitPos(LCD_D5_Direction+0)
;__Lib_Lcd.c,90 :: 		
0x0145	0x1106      	BCF        LCD_D6_Direction, BitPos(LCD_D6_Direction+0)
;__Lib_Lcd.c,91 :: 		
0x0146	0x1186      	BCF        LCD_D7_Direction, BitPos(LCD_D7_Direction+0)
;__Lib_Lcd.c,93 :: 		
0x0147	0x1283      	BCF        STATUS, 5
0x0148	0x1286      	BCF        LCD_EN, BitPos(LCD_EN+0)
;__Lib_Lcd.c,94 :: 		
0x0149	0x1206      	BCF        LCD_RS, BitPos(LCD_RS+0)
;__Lib_Lcd.c,95 :: 		
0x014A	0x1186      	BCF        LCD_D7, BitPos(LCD_D7+0)
;__Lib_Lcd.c,96 :: 		
0x014B	0x1106      	BCF        LCD_D6, BitPos(LCD_D6+0)
;__Lib_Lcd.c,97 :: 		
0x014C	0x1086      	BCF        LCD_D5, BitPos(LCD_D5+0)
;__Lib_Lcd.c,98 :: 		
0x014D	0x1006      	BCF        LCD_D4, BitPos(LCD_D4+0)
;__Lib_Lcd.c,100 :: 		
0x014E	0x203F      	CALL       _Delay_5500us
;__Lib_Lcd.c,101 :: 		
0x014F	0x203F      	CALL       _Delay_5500us
;__Lib_Lcd.c,102 :: 		
0x0150	0x203F      	CALL       _Delay_5500us
;__Lib_Lcd.c,105 :: 		
0x0151	0x1486      	BSF        LCD_D5, BitPos(LCD_D5+0)
;__Lib_Lcd.c,106 :: 		
0x0152	0x1406      	BSF        LCD_D4, BitPos(LCD_D4+0)
;__Lib_Lcd.c,107 :: 		
0x0153	0x1686      	BSF        LCD_EN, BitPos(LCD_EN+0)
;__Lib_Lcd.c,108 :: 		
0x0154	0x204C      	CALL       _Delay_1us
;__Lib_Lcd.c,109 :: 		
0x0155	0x1286      	BCF        LCD_EN, BitPos(LCD_EN+0)
;__Lib_Lcd.c,110 :: 		
0x0156	0x203F      	CALL       _Delay_5500us
;__Lib_Lcd.c,112 :: 		
0x0157	0x1686      	BSF        LCD_EN, BitPos(LCD_EN+0)
;__Lib_Lcd.c,113 :: 		
0x0158	0x204C      	CALL       _Delay_1us
;__Lib_Lcd.c,114 :: 		
0x0159	0x1286      	BCF        LCD_EN, BitPos(LCD_EN+0)
;__Lib_Lcd.c,115 :: 		
0x015A	0x203F      	CALL       _Delay_5500us
;__Lib_Lcd.c,117 :: 		
0x015B	0x1686      	BSF        LCD_EN, BitPos(LCD_EN+0)
;__Lib_Lcd.c,118 :: 		
0x015C	0x204C      	CALL       _Delay_1us
;__Lib_Lcd.c,119 :: 		
0x015D	0x1286      	BCF        LCD_EN, BitPos(LCD_EN+0)
;__Lib_Lcd.c,120 :: 		
0x015E	0x203F      	CALL       _Delay_5500us
;__Lib_Lcd.c,123 :: 		
0x015F	0x1006      	BCF        LCD_D4, BitPos(LCD_D4+0)
;__Lib_Lcd.c,124 :: 		
0x0160	0x1686      	BSF        LCD_EN, BitPos(LCD_EN+0)
;__Lib_Lcd.c,125 :: 		
0x0161	0x204C      	CALL       _Delay_1us
;__Lib_Lcd.c,126 :: 		
0x0162	0x1286      	BCF        LCD_EN, BitPos(LCD_EN+0)
;__Lib_Lcd.c,127 :: 		
0x0163	0x203F      	CALL       _Delay_5500us
;__Lib_Lcd.c,130 :: 		
0x0164	0x1686      	BSF        LCD_EN, BitPos(LCD_EN+0)
;__Lib_Lcd.c,131 :: 		
0x0165	0x204C      	CALL       _Delay_1us
;__Lib_Lcd.c,132 :: 		
0x0166	0x1286      	BCF        LCD_EN, BitPos(LCD_EN+0)
;__Lib_Lcd.c,134 :: 		
0x0167	0x1086      	BCF        LCD_D5, BitPos(LCD_D5+0)
;__Lib_Lcd.c,135 :: 		
0x0168	0x1586      	BSF        LCD_D7, BitPos(LCD_D7+0)
;__Lib_Lcd.c,136 :: 		
0x0169	0x1686      	BSF        LCD_EN, BitPos(LCD_EN+0)
;__Lib_Lcd.c,137 :: 		
0x016A	0x204C      	CALL       _Delay_1us
;__Lib_Lcd.c,138 :: 		
0x016B	0x1286      	BCF        LCD_EN, BitPos(LCD_EN+0)
;__Lib_Lcd.c,139 :: 		
0x016C	0x203F      	CALL       _Delay_5500us
;__Lib_Lcd.c,142 :: 		
0x016D	0x1186      	BCF        LCD_D7, BitPos(LCD_D7+0)
;__Lib_Lcd.c,143 :: 		
0x016E	0x1406      	BSF        LCD_D4, BitPos(LCD_D4+0)
;__Lib_Lcd.c,144 :: 		
0x016F	0x1686      	BSF        LCD_EN, BitPos(LCD_EN+0)
;__Lib_Lcd.c,145 :: 		
0x0170	0x204C      	CALL       _Delay_1us
;__Lib_Lcd.c,146 :: 		
0x0171	0x1286      	BCF        LCD_EN, BitPos(LCD_EN+0)
;__Lib_Lcd.c,148 :: 		
0x0172	0x1006      	BCF        LCD_D4, BitPos(LCD_D4+0)
;__Lib_Lcd.c,149 :: 		
0x0173	0x1686      	BSF        LCD_EN, BitPos(LCD_EN+0)
;__Lib_Lcd.c,150 :: 		
0x0174	0x204C      	CALL       _Delay_1us
;__Lib_Lcd.c,151 :: 		
0x0175	0x1286      	BCF        LCD_EN, BitPos(LCD_EN+0)
;__Lib_Lcd.c,152 :: 		
0x0176	0x203F      	CALL       _Delay_5500us
;__Lib_Lcd.c,155 :: 		
0x0177	0x1686      	BSF        LCD_EN, BitPos(LCD_EN+0)
;__Lib_Lcd.c,156 :: 		
0x0178	0x204C      	CALL       _Delay_1us
;__Lib_Lcd.c,157 :: 		
0x0179	0x1286      	BCF        LCD_EN, BitPos(LCD_EN+0)
;__Lib_Lcd.c,159 :: 		
0x017A	0x1406      	BSF        LCD_D4, BitPos(LCD_D4+0)
;__Lib_Lcd.c,160 :: 		
0x017B	0x1686      	BSF        LCD_EN, BitPos(LCD_EN+0)
;__Lib_Lcd.c,161 :: 		
0x017C	0x204C      	CALL       _Delay_1us
;__Lib_Lcd.c,162 :: 		
0x017D	0x1286      	BCF        LCD_EN, BitPos(LCD_EN+0)
;__Lib_Lcd.c,163 :: 		
0x017E	0x203F      	CALL       _Delay_5500us
;__Lib_Lcd.c,166 :: 		
0x017F	0x1006      	BCF        LCD_D4, BitPos(LCD_D4+0)
;__Lib_Lcd.c,167 :: 		
0x0180	0x1686      	BSF        LCD_EN, BitPos(LCD_EN+0)
;__Lib_Lcd.c,168 :: 		
0x0181	0x204C      	CALL       _Delay_1us
;__Lib_Lcd.c,169 :: 		
0x0182	0x1286      	BCF        LCD_EN, BitPos(LCD_EN+0)
;__Lib_Lcd.c,171 :: 		
0x0183	0x1586      	BSF        LCD_D7, BitPos(LCD_D7+0)
;__Lib_Lcd.c,172 :: 		
0x0184	0x1506      	BSF        LCD_D6, BitPos(LCD_D6+0)
;__Lib_Lcd.c,173 :: 		
0x0185	0x1486      	BSF        LCD_D5, BitPos(LCD_D5+0)
;__Lib_Lcd.c,174 :: 		
0x0186	0x1406      	BSF        LCD_D4, BitPos(LCD_D4+0)
;__Lib_Lcd.c,175 :: 		
0x0187	0x1686      	BSF        LCD_EN, BitPos(LCD_EN+0)
;__Lib_Lcd.c,176 :: 		
0x0188	0x204C      	CALL       _Delay_1us
;__Lib_Lcd.c,177 :: 		
0x0189	0x1286      	BCF        LCD_EN, BitPos(LCD_EN+0)
;__Lib_Lcd.c,179 :: 		
0x018A	0x203F      	CALL       _Delay_5500us
;__Lib_Lcd.c,181 :: 		
0x018B	0x1683      	BSF        STATUS, 5
0x018C	0x1430      	BSF        __Lib_Lcd_cmd_status, BitPos(__Lib_Lcd_cmd_status+0)
;__Lib_Lcd.c,182 :: 		
L_end_Lcd_Init:
0x018D	0x0008      	RETURN
; end of _Lcd_Init
_PWM2_Init:
;__Lib_PWM_c21.c,1 :: 		
;__Lib_PWM_c21.c,2 :: 		
;__Lib_PWM_c21.c,3 :: 		
0x018E	0x1283      	BCF        STATUS, 5
0x018F	0x1303      	BCF        STATUS, 6
0x0190	0x019B      	CLRF       CCPR2L
;__Lib_PWM_c21.c,4 :: 		
0x0191	0x121D      	BCF        CCP2CON, 4
;__Lib_PWM_c21.c,5 :: 		
0x0192	0x129D      	BCF        CCP2CON, 5
;__Lib_PWM_c21.c,6 :: 		
L_end_PWM2_Init:
0x0193	0x0008      	RETURN
; end of _PWM2_Init
_PWM2_Set_Duty:
;__Lib_PWM_c21.c,8 :: 		
;__Lib_PWM_c21.c,12 :: 		
0x0194	0x1683      	BSF        STATUS, 5
0x0195	0x1303      	BCF        STATUS, 6
0x0196	0x0812      	MOVF       PR2, 0
0x0197	0x3E01      	ADDLW      1
0x0198	0x00F0      	MOVWF      R0
0x0199	0x01F1      	CLRF       R0+1
0x019A	0x1803      	BTFSC      STATUS, 0
0x019B	0x0AF1      	INCF       R0+1, 1
0x019C	0x0833      	MOVF       FARG_PWM2_Set_Duty_new_duty, 0
0x019D	0x00F4      	MOVWF      R4
0x019E	0x01F5      	CLRF       R4+1
0x019F	0x2106      	CALL       _Mul_16x16_U
0x01A0	0x3006      	MOVLW      6
0x01A1	0x00F2      	MOVWF      R2
0x01A2	0x0870      	MOVF       R0, 0
0x01A3	0x00F4      	MOVWF      R4
0x01A4	0x0871      	MOVF       R0+1, 0
0x01A5	0x00F5      	MOVWF      R4+1
0x01A6	0x0872      	MOVF       R2, 0
L__PWM2_Set_Duty2:
0x01A7	0x1903      	BTFSC      STATUS, 2
0x01A8	0x29AE      	GOTO       L__PWM2_Set_Duty3
0x01A9	0x0CF5      	RRF        R4+1, 1
0x01AA	0x0CF4      	RRF        R4, 1
0x01AB	0x13F5      	BCF        R4+1, 7
0x01AC	0x3EFF      	ADDLW      255
0x01AD	0x29A7      	GOTO       L__PWM2_Set_Duty2
L__PWM2_Set_Duty3:
;__Lib_PWM_c21.c,13 :: 		
0x01AE	0x3004      	MOVLW      4
0x01AF	0x00F1      	MOVWF      R1
0x01B0	0x0874      	MOVF       R4, 0
0x01B1	0x00F0      	MOVWF      R0
0x01B2	0x0871      	MOVF       R1, 0
L__PWM2_Set_Duty4:
0x01B3	0x1903      	BTFSC      STATUS, 2
0x01B4	0x29B9      	GOTO       L__PWM2_Set_Duty5
0x01B5	0x0DF0      	RLF        R0, 1
0x01B6	0x1070      	BCF        R0, 0
0x01B7	0x3EFF      	ADDLW      255
0x01B8	0x29B3      	GOTO       L__PWM2_Set_Duty4
L__PWM2_Set_Duty5:
0x01B9	0x1283      	BCF        STATUS, 5
0x01BA	0x1303      	BCF        STATUS, 6
0x01BB	0x3030      	MOVLW      48
0x01BC	0x0570      	ANDWF      R0, 0
0x01BD	0x00F3      	MOVWF      R3
;__Lib_PWM_c21.c,14 :: 		
0x01BE	0x0874      	MOVF       R4, 0
0x01BF	0x00F0      	MOVWF      R0
0x01C0	0x0875      	MOVF       R4+1, 0
0x01C1	0x00F1      	MOVWF      R0+1
0x01C2	0x0CF1      	RRF        R0+1, 1
0x01C3	0x0CF0      	RRF        R0, 1
0x01C4	0x13F1      	BCF        R0+1, 7
0x01C5	0x0CF1      	RRF        R0+1, 1
0x01C6	0x0CF0      	RRF        R0, 1
0x01C7	0x13F1      	BCF        R0+1, 7
0x01C8	0x0870      	MOVF       R0, 0
0x01C9	0x009B      	MOVWF      CCPR2L
;__Lib_PWM_c21.c,15 :: 		
0x01CA	0x300F      	MOVLW      15
0x01CB	0x059D      	ANDWF      CCP2CON, 1
;__Lib_PWM_c21.c,16 :: 		
0x01CC	0x0873      	MOVF       R3, 0
0x01CD	0x049D      	IORWF      CCP2CON, 1
;__Lib_PWM_c21.c,17 :: 		
L_end_PWM2_Set_Duty:
0x01CE	0x0008      	RETURN
; end of _PWM2_Set_Duty
_PWM1_Start:
;__Lib_PWM_c21.c,51 :: 		
;__Lib_PWM_c21.c,52 :: 		
0x01CF	0x1683      	BSF        STATUS, 5
0x01D0	0x1303      	BCF        STATUS, 6
0x01D1	0x1107      	BCF        TRISC2_bit, BitPos(TRISC2_bit+0)
;__Lib_PWM_c21.c,53 :: 		
0x01D2	0x1283      	BCF        STATUS, 5
0x01D3	0x1512      	BSF        T2CON, 2
;__Lib_PWM_c21.c,54 :: 		
0x01D4	0x300C      	MOVLW      12
0x01D5	0x0497      	IORWF      CCP1CON, 1
;__Lib_PWM_c21.c,55 :: 		
L_end_PWM1_Start:
0x01D6	0x0008      	RETURN
; end of _PWM1_Start
_UART1_Init:
;__Lib_UART_c67.c,2 :: 		
;__Lib_UART_c67.c,5 :: 		
0x01D7	0x1683      	BSF        STATUS, 5
0x01D8	0x1303      	BCF        STATUS, 6
0x01D9	0x1698      	BSF        TXSTA, 5
;__Lib_UART_c67.c,6 :: 		
0x01DA	0x3090      	MOVLW      144
0x01DB	0x1283      	BCF        STATUS, 5
0x01DC	0x0098      	MOVWF      RCSTA
;__Lib_UART_c67.c,7 :: 		
0x01DD	0x1683      	BSF        STATUS, 5
0x01DE	0x1787      	BSF        TRISC7_bit, BitPos(TRISC7_bit+0)
;__Lib_UART_c67.c,8 :: 		
0x01DF	0x1307      	BCF        TRISC6_bit, BitPos(TRISC6_bit+0)
;__Lib_UART_c67.c,10 :: 		
L_UART1_Init0:
0x01E0	0x1283      	BCF        STATUS, 5
0x01E1	0x1E8C      	BTFSS      PIR1, 5
0x01E2	0x29E6      	GOTO       L_UART1_Init1
;__Lib_UART_c67.c,11 :: 		
0x01E3	0x081A      	MOVF       RCREG, 0
0x01E4	0x00F0      	MOVWF      R0
0x01E5	0x29E0      	GOTO       L_UART1_Init0
L_UART1_Init1:
;__Lib_UART_c67.c,12 :: 		
L_end_UART1_Init:
0x01E6	0x0008      	RETURN
; end of _UART1_Init
_PWM1_Init:
;__Lib_PWM_c21.c,33 :: 		
;__Lib_PWM_c21.c,34 :: 		
;__Lib_PWM_c21.c,35 :: 		
0x01E7	0x1283      	BCF        STATUS, 5
0x01E8	0x1303      	BCF        STATUS, 6
0x01E9	0x0195      	CLRF       CCPR1L
;__Lib_PWM_c21.c,36 :: 		
0x01EA	0x1217      	BCF        CCP1CON, 4
;__Lib_PWM_c21.c,37 :: 		
0x01EB	0x1297      	BCF        CCP1CON, 5
;__Lib_PWM_c21.c,38 :: 		
L_end_PWM1_Init:
0x01EC	0x0008      	RETURN
; end of _PWM1_Init
_moverEnAutomatico:
;auto.c,87 :: 		void moverEnAutomatico(){
;auto.c,88 :: 		while (uart_rd_temp != 'e') { /* Si se le envía e se sale de modo manual */
L_moverEnAutomatico17:
0x01ED	0x1683      	BSF        STATUS, 5
0x01EE	0x1303      	BCF        STATUS, 6
0x01EF	0x082B      	MOVF       _uart_rd_temp, 0
0x01F0	0x3A65      	XORLW      101
0x01F1	0x1903      	BTFSC      STATUS, 2
0x01F2	0x2A00      	GOTO       L_moverEnAutomatico18
;auto.c,89 :: 		Lcd_Out(2,6,txtAutomatic);
0x01F3	0x3002      	MOVLW      2
0x01F4	0x00B7      	MOVWF      FARG_Lcd_Out_row
0x01F5	0x3006      	MOVLW      6
0x01F6	0x00B8      	MOVWF      FARG_Lcd_Out_column
0x01F7	0x3064      	MOVLW      _txtAutomatic
0x01F8	0x00B9      	MOVWF      FARG_Lcd_Out_text
0x01F9	0x20BD      	CALL       _Lcd_Out
;auto.c,91 :: 		RC1_bit = 1;
0x01FA	0x1283      	BCF        STATUS, 5
0x01FB	0x1487      	BSF        RC1_bit, 1
;auto.c,92 :: 		RC2_bit = 1;
0x01FC	0x1507      	BSF        RC2_bit, 2
;auto.c,93 :: 		RC5_bit = 0;
0x01FD	0x1287      	BCF        RC5_bit, 5
;auto.c,94 :: 		RC4_bit = 0;
0x01FE	0x1207      	BCF        RC4_bit, 4
;auto.c,97 :: 		}
0x01FF	0x29ED      	GOTO       L_moverEnAutomatico17
L_moverEnAutomatico18:
;auto.c,99 :: 		}
0x0200	0x0008      	RETURN
; end of _moverEnAutomatico
_ADC_Read:
;__Lib_ADC_88X.c,55 :: 		
;__Lib_ADC_88X.c,57 :: 		
0x0201	0x30C3      	MOVLW      195
0x0202	0x1283      	BCF        STATUS, 5
0x0203	0x1303      	BCF        STATUS, 6
0x0204	0x059F      	ANDWF      ADCON0, 1
;__Lib_ADC_88X.c,61 :: 		
0x0205	0x30C0      	MOVLW      192
0x0206	0x009F      	MOVWF      ADCON0
;__Lib_ADC_88X.c,62 :: 		
0x0207	0x1683      	BSF        STATUS, 5
0x0208	0x083D      	MOVF       FARG_ADC_Read_channel, 0
0x0209	0x00F0      	MOVWF      R0
0x020A	0x0DF0      	RLF        R0, 1
0x020B	0x1070      	BCF        R0, 0
0x020C	0x0DF0      	RLF        R0, 1
0x020D	0x1070      	BCF        R0, 0
0x020E	0x0870      	MOVF       R0, 0
0x020F	0x1283      	BCF        STATUS, 5
0x0210	0x049F      	IORWF      ADCON0, 1
;__Lib_ADC_88X.c,63 :: 		
0x0211	0x1683      	BSF        STATUS, 5
0x0212	0x179F      	BSF        ADCON1, 7
;__Lib_ADC_88X.c,66 :: 		
0x0213	0x1283      	BCF        STATUS, 5
0x0214	0x141F      	BSF        ADCON0, 0
;__Lib_ADC_88X.c,69 :: 		
0x0215	0x20FE      	CALL       _Delay_22us
;__Lib_ADC_88X.c,72 :: 		
0x0216	0x149F      	BSF        ADCON0, 1
;__Lib_ADC_88X.c,75 :: 		
L_ADC_Read2:
0x0217	0x1C9F      	BTFSS      ADCON0, 1
0x0218	0x2A1B      	GOTO       L_ADC_Read3
;__Lib_ADC_88X.c,76 :: 		
0x0219	0x0000      	NOP
0x021A	0x2A17      	GOTO       L_ADC_Read2
L_ADC_Read3:
;__Lib_ADC_88X.c,79 :: 		
0x021B	0x101F      	BCF        ADCON0, 0
;__Lib_ADC_88X.c,82 :: 		
0x021C	0x081E      	MOVF       ADRESH, 0
0x021D	0x00F1      	MOVWF      R0+1
0x021E	0x01F0      	CLRF       R0
0x021F	0x1683      	BSF        STATUS, 5
0x0220	0x081E      	MOVF       ADRESL, 0
0x0221	0x04F0      	IORWF      R0, 1
0x0222	0x3000      	MOVLW      0
0x0223	0x04F1      	IORWF      R0+1, 1
;__Lib_ADC_88X.c,83 :: 		
L_end_ADC_Read:
0x0224	0x0008      	RETURN
; end of _ADC_Read
_moverManual:
;auto.c,40 :: 		void moverManual(){
;auto.c,41 :: 		while (uart_rd_temp != 'e') { /* Si se le envía e se sale de modo manual */
L_moverManual0:
0x0225	0x1683      	BSF        STATUS, 5
0x0226	0x1303      	BCF        STATUS, 6
0x0227	0x082B      	MOVF       _uart_rd_temp, 0
0x0228	0x3A65      	XORLW      101
0x0229	0x1903      	BTFSC      STATUS, 2
0x022A	0x2A76      	GOTO       L_moverManual1
;auto.c,42 :: 		if (uart_rd_temp == 'u' && bandera_mover) { /* Up: En la interrupción para el auto */
0x022B	0x082B      	MOVF       _uart_rd_temp, 0
0x022C	0x3A75      	XORLW      117
0x022D	0x1D03      	BTFSS      STATUS, 2
0x022E	0x2A3D      	GOTO       L_moverManual4
0x022F	0x1283      	BCF        STATUS, 5
0x0230	0x0858      	MOVF       _bandera_mover, 0
0x0231	0x0459      	IORWF      _bandera_mover+1, 0
0x0232	0x1903      	BTFSC      STATUS, 2
0x0233	0x2A3D      	GOTO       L_moverManual4
L__moverManual33:
;auto.c,43 :: 		Lcd_Out(2,6,txtArriba);
0x0234	0x3002      	MOVLW      2
0x0235	0x1683      	BSF        STATUS, 5
0x0236	0x00B7      	MOVWF      FARG_Lcd_Out_row
0x0237	0x3006      	MOVLW      6
0x0238	0x00B8      	MOVWF      FARG_Lcd_Out_column
0x0239	0x305A      	MOVLW      _txtArriba
0x023A	0x00B9      	MOVWF      FARG_Lcd_Out_text
0x023B	0x20BD      	CALL       _Lcd_Out
;auto.c,44 :: 		}
0x023C	0x2A75      	GOTO       L_moverManual5
L_moverManual4:
0x023D	0x1683      	BSF        STATUS, 5
;auto.c,45 :: 		else if (uart_rd_temp == 'd' && bandera_mover) { /* Down:  */
0x023E	0x082B      	MOVF       _uart_rd_temp, 0
0x023F	0x3A64      	XORLW      100
0x0240	0x1D03      	BTFSS      STATUS, 2
0x0241	0x2A50      	GOTO       L_moverManual8
0x0242	0x1283      	BCF        STATUS, 5
0x0243	0x0858      	MOVF       _bandera_mover, 0
0x0244	0x0459      	IORWF      _bandera_mover+1, 0
0x0245	0x1903      	BTFSC      STATUS, 2
0x0246	0x2A50      	GOTO       L_moverManual8
L__moverManual32:
;auto.c,46 :: 		Lcd_Out(2,6,txtAbajo);
0x0247	0x3002      	MOVLW      2
0x0248	0x1683      	BSF        STATUS, 5
0x0249	0x00B7      	MOVWF      FARG_Lcd_Out_row
0x024A	0x3006      	MOVLW      6
0x024B	0x00B8      	MOVWF      FARG_Lcd_Out_column
0x024C	0x30A0      	MOVLW      _txtAbajo
0x024D	0x00B9      	MOVWF      FARG_Lcd_Out_text
0x024E	0x20BD      	CALL       _Lcd_Out
;auto.c,47 :: 		}
0x024F	0x2A75      	GOTO       L_moverManual9
L_moverManual8:
0x0250	0x1683      	BSF        STATUS, 5
;auto.c,48 :: 		else if (uart_rd_temp == 'l' && bandera_mover) { /* left:  */
0x0251	0x082B      	MOVF       _uart_rd_temp, 0
0x0252	0x3A6C      	XORLW      108
0x0253	0x1D03      	BTFSS      STATUS, 2
0x0254	0x2A63      	GOTO       L_moverManual12
0x0255	0x1283      	BCF        STATUS, 5
0x0256	0x0858      	MOVF       _bandera_mover, 0
0x0257	0x0459      	IORWF      _bandera_mover+1, 0
0x0258	0x1903      	BTFSC      STATUS, 2
0x0259	0x2A63      	GOTO       L_moverManual12
L__moverManual31:
;auto.c,49 :: 		Lcd_Out(2,6,txtAbajo);
0x025A	0x3002      	MOVLW      2
0x025B	0x1683      	BSF        STATUS, 5
0x025C	0x00B7      	MOVWF      FARG_Lcd_Out_row
0x025D	0x3006      	MOVLW      6
0x025E	0x00B8      	MOVWF      FARG_Lcd_Out_column
0x025F	0x30A0      	MOVLW      _txtAbajo
0x0260	0x00B9      	MOVWF      FARG_Lcd_Out_text
0x0261	0x20BD      	CALL       _Lcd_Out
;auto.c,50 :: 		}
0x0262	0x2A75      	GOTO       L_moverManual13
L_moverManual12:
0x0263	0x1683      	BSF        STATUS, 5
;auto.c,51 :: 		else if (uart_rd_temp == 'r' && bandera_mover) { /* right:  */
0x0264	0x082B      	MOVF       _uart_rd_temp, 0
0x0265	0x3A72      	XORLW      114
0x0266	0x1D03      	BTFSS      STATUS, 2
0x0267	0x2A75      	GOTO       L_moverManual16
0x0268	0x1283      	BCF        STATUS, 5
0x0269	0x0858      	MOVF       _bandera_mover, 0
0x026A	0x0459      	IORWF      _bandera_mover+1, 0
0x026B	0x1903      	BTFSC      STATUS, 2
0x026C	0x2A75      	GOTO       L_moverManual16
L__moverManual30:
;auto.c,52 :: 		Lcd_Out(2,6,txtAbajo);
0x026D	0x3002      	MOVLW      2
0x026E	0x1683      	BSF        STATUS, 5
0x026F	0x00B7      	MOVWF      FARG_Lcd_Out_row
0x0270	0x3006      	MOVLW      6
0x0271	0x00B8      	MOVWF      FARG_Lcd_Out_column
0x0272	0x30A0      	MOVLW      _txtAbajo
0x0273	0x00B9      	MOVWF      FARG_Lcd_Out_text
0x0274	0x20BD      	CALL       _Lcd_Out
;auto.c,53 :: 		}
L_moverManual16:
L_moverManual13:
L_moverManual9:
L_moverManual5:
;auto.c,54 :: 		}
0x0275	0x2A25      	GOTO       L_moverManual0
L_moverManual1:
;auto.c,55 :: 		}
0x0276	0x0008      	RETURN
; end of _moverManual
_PWM1_Set_Duty:
;__Lib_PWM_c21.c,40 :: 		
;__Lib_PWM_c21.c,44 :: 		
0x0277	0x1683      	BSF        STATUS, 5
0x0278	0x1303      	BCF        STATUS, 6
0x0279	0x0812      	MOVF       PR2, 0
0x027A	0x3E01      	ADDLW      1
0x027B	0x00F0      	MOVWF      R0
0x027C	0x01F1      	CLRF       R0+1
0x027D	0x1803      	BTFSC      STATUS, 0
0x027E	0x0AF1      	INCF       R0+1, 1
0x027F	0x0833      	MOVF       FARG_PWM1_Set_Duty_new_duty, 0
0x0280	0x00F4      	MOVWF      R4
0x0281	0x01F5      	CLRF       R4+1
0x0282	0x2106      	CALL       _Mul_16x16_U
0x0283	0x3006      	MOVLW      6
0x0284	0x00F2      	MOVWF      R2
0x0285	0x0870      	MOVF       R0, 0
0x0286	0x00F4      	MOVWF      R4
0x0287	0x0871      	MOVF       R0+1, 0
0x0288	0x00F5      	MOVWF      R4+1
0x0289	0x0872      	MOVF       R2, 0
L__PWM1_Set_Duty10:
0x028A	0x1903      	BTFSC      STATUS, 2
0x028B	0x2A91      	GOTO       L__PWM1_Set_Duty11
0x028C	0x0CF5      	RRF        R4+1, 1
0x028D	0x0CF4      	RRF        R4, 1
0x028E	0x13F5      	BCF        R4+1, 7
0x028F	0x3EFF      	ADDLW      255
0x0290	0x2A8A      	GOTO       L__PWM1_Set_Duty10
L__PWM1_Set_Duty11:
;__Lib_PWM_c21.c,45 :: 		
0x0291	0x3004      	MOVLW      4
0x0292	0x00F1      	MOVWF      R1
0x0293	0x0874      	MOVF       R4, 0
0x0294	0x00F0      	MOVWF      R0
0x0295	0x0871      	MOVF       R1, 0
L__PWM1_Set_Duty12:
0x0296	0x1903      	BTFSC      STATUS, 2
0x0297	0x2A9C      	GOTO       L__PWM1_Set_Duty13
0x0298	0x0DF0      	RLF        R0, 1
0x0299	0x1070      	BCF        R0, 0
0x029A	0x3EFF      	ADDLW      255
0x029B	0x2A96      	GOTO       L__PWM1_Set_Duty12
L__PWM1_Set_Duty13:
0x029C	0x1283      	BCF        STATUS, 5
0x029D	0x1303      	BCF        STATUS, 6
0x029E	0x3030      	MOVLW      48
0x029F	0x0570      	ANDWF      R0, 0
0x02A0	0x00F3      	MOVWF      R3
;__Lib_PWM_c21.c,46 :: 		
0x02A1	0x0874      	MOVF       R4, 0
0x02A2	0x00F0      	MOVWF      R0
0x02A3	0x0875      	MOVF       R4+1, 0
0x02A4	0x00F1      	MOVWF      R0+1
0x02A5	0x0CF1      	RRF        R0+1, 1
0x02A6	0x0CF0      	RRF        R0, 1
0x02A7	0x13F1      	BCF        R0+1, 7
0x02A8	0x0CF1      	RRF        R0+1, 1
0x02A9	0x0CF0      	RRF        R0, 1
0x02AA	0x13F1      	BCF        R0+1, 7
0x02AB	0x0870      	MOVF       R0, 0
0x02AC	0x0095      	MOVWF      CCPR1L
;__Lib_PWM_c21.c,47 :: 		
0x02AD	0x300F      	MOVLW      15
0x02AE	0x0597      	ANDWF      CCP1CON, 1
;__Lib_PWM_c21.c,48 :: 		
0x02AF	0x0873      	MOVF       R3, 0
0x02B0	0x0497      	IORWF      CCP1CON, 1
;__Lib_PWM_c21.c,49 :: 		
L_end_PWM1_Set_Duty:
0x02B1	0x0008      	RETURN
; end of _PWM1_Set_Duty
___CC2DW:
;__Lib_System.c,134 :: 		
;__Lib_System.c,137 :: 		
_CC2D_Loop1:
;__Lib_System.c,139 :: 		
0x02B2	0x2131      	CALL       _____DoICP
0x02B3	0x118A      	BCF        PCLATH, 3
0x02B4	0x120A      	BCF        PCLATH, 4
;__Lib_System.c,141 :: 		
0x02B5	0x0080      	MOVWF      INDF
;__Lib_System.c,142 :: 		
0x02B6	0x0A84      	INCF       FSR, 1
;__Lib_System.c,143 :: 		
0x02B7	0x0AA9      	INCF       ___DoICPAddr, 1
;__Lib_System.c,145 :: 		
0x02B8	0x1903      	BTFSC      STATUS, 2
;__Lib_System.c,146 :: 		
0x02B9	0x0AAA      	INCF       ___DoICPAddr+1, 1
;__Lib_System.c,147 :: 		
0x02BA	0x03F0      	DECF       R0, 1
;__Lib_System.c,149 :: 		
0x02BB	0x1D03      	BTFSS      STATUS, 2
;__Lib_System.c,150 :: 		
0x02BC	0x2AB2      	GOTO       _CC2D_Loop1
;__Lib_System.c,152 :: 		
L_end___CC2DW:
0x02BD	0x0008      	RETURN
; end of ___CC2DW
_PWM2_Start:
;__Lib_PWM_c21.c,19 :: 		
;__Lib_PWM_c21.c,20 :: 		
0x02BE	0x1683      	BSF        STATUS, 5
0x02BF	0x1303      	BCF        STATUS, 6
0x02C0	0x1087      	BCF        TRISC1_bit, BitPos(TRISC1_bit+0)
;__Lib_PWM_c21.c,21 :: 		
0x02C1	0x1283      	BCF        STATUS, 5
0x02C2	0x1512      	BSF        T2CON, 2
;__Lib_PWM_c21.c,22 :: 		
0x02C3	0x300C      	MOVLW      12
0x02C4	0x049D      	IORWF      CCP2CON, 1
;__Lib_PWM_c21.c,23 :: 		
L_end_PWM2_Start:
0x02C5	0x0008      	RETURN
; end of _PWM2_Start
_main:
0x02C6	0x2396      	CALL       918
;auto.c,133 :: 		void main() {
;auto.c,134 :: 		ANSEL  = 0b00001100;              // Configure AN2/AN3 pin as analog
0x02C7	0x300C      	MOVLW      12
0x02C8	0x1683      	BSF        STATUS, 5
0x02C9	0x1703      	BSF        STATUS, 6
0x02CA	0x0088      	MOVWF      ANSEL
;auto.c,135 :: 		ANSELH = 0;
0x02CB	0x0189      	CLRF       ANSELH
;auto.c,136 :: 		C1ON_bit = 0;                      // Disable comparators
0x02CC	0x1283      	BCF        STATUS, 5
0x02CD	0x1387      	BCF        C1ON_bit, 7
;auto.c,137 :: 		C2ON_bit = 0;
0x02CE	0x1388      	BCF        C2ON_bit, 7
;auto.c,138 :: 		INTCON = 0x80; // This will set GIE (Global interrupts)
0x02CF	0x3080      	MOVLW      128
0x02D0	0x008B      	MOVWF      INTCON
;auto.c,139 :: 		T1CON = 0x00; // Timer1 Stopped and preescale 1:1
0x02D1	0x1303      	BCF        STATUS, 6
0x02D2	0x0190      	CLRF       T1CON
;auto.c,140 :: 		TMR1L = 0x24;
0x02D3	0x3024      	MOVLW      36
0x02D4	0x008E      	MOVWF      TMR1L
;auto.c,141 :: 		TMR1H = 0xCF;
0x02D5	0x30CF      	MOVLW      207
0x02D6	0x008F      	MOVWF      TMR1H
;auto.c,142 :: 		T1CON |= 0x01; // Enable counter
0x02D7	0x1410      	BSF        T1CON, 0
;auto.c,143 :: 		PIE1 = 0x01; // Enable Timer1 interrupt
0x02D8	0x3001      	MOVLW      1
0x02D9	0x1683      	BSF        STATUS, 5
0x02DA	0x008C      	MOVWF      PIE1
;auto.c,144 :: 		TRISC = 0;                          // designate PORTC pins as output
0x02DB	0x0187      	CLRF       TRISC
;auto.c,145 :: 		PORTC = 0;                          // set PORTC to 0
0x02DC	0x1283      	BCF        STATUS, 5
0x02DD	0x0187      	CLRF       PORTC
;auto.c,146 :: 		PWM1_Init(5000);                    // Initialize PWM1 module at 5KHz
0x02DE	0x1412      	BSF        T2CON, 0
0x02DF	0x1092      	BCF        T2CON, 1
0x02E0	0x3063      	MOVLW      99
0x02E1	0x1683      	BSF        STATUS, 5
0x02E2	0x0092      	MOVWF      PR2
0x02E3	0x21E7      	CALL       _PWM1_Init
;auto.c,147 :: 		PWM2_Init(5000);                    // Initialize PWM2 module at 5KHz
0x02E4	0x1412      	BSF        T2CON, 0
0x02E5	0x1092      	BCF        T2CON, 1
0x02E6	0x3063      	MOVLW      99
0x02E7	0x1683      	BSF        STATUS, 5
0x02E8	0x0092      	MOVWF      PR2
0x02E9	0x218E      	CALL       _PWM2_Init
;auto.c,148 :: 		PWM1_Start();                       // start PWM1
0x02EA	0x21CF      	CALL       _PWM1_Start
;auto.c,149 :: 		PWM2_Start();                       // start PWM2
0x02EB	0x22BE      	CALL       _PWM2_Start
;auto.c,150 :: 		PWM1_Set_Duty(16);        // Set current duty for PWM1
0x02EC	0x3010      	MOVLW      16
0x02ED	0x1683      	BSF        STATUS, 5
0x02EE	0x00B3      	MOVWF      FARG_PWM1_Set_Duty_new_duty
0x02EF	0x2277      	CALL       _PWM1_Set_Duty
;auto.c,151 :: 		PWM2_Set_Duty(16);       // Set current duty for PWM2
0x02F0	0x3010      	MOVLW      16
0x02F1	0x1683      	BSF        STATUS, 5
0x02F2	0x00B3      	MOVWF      FARG_PWM2_Set_Duty_new_duty
0x02F3	0x2194      	CALL       _PWM2_Set_Duty
;auto.c,153 :: 		Delay_us(10);                 /* wait for acquisition time*/
0x02F4	0x3006      	MOVLW      6
0x02F5	0x00FD      	MOVWF      R13
L_main20:
0x02F6	0x0BFD      	DECFSZ     R13, 1
0x02F7	0x2AF6      	GOTO       L_main20
0x02F8	0x0000      	NOP
;auto.c,154 :: 		UART1_Init(9600);                         // initialize UART1 module
0x02F9	0x3033      	MOVLW      51
0x02FA	0x1683      	BSF        STATUS, 5
0x02FB	0x0099      	MOVWF      SPBRG
0x02FC	0x1518      	BSF        TXSTA, 2
0x02FD	0x21D7      	CALL       _UART1_Init
;auto.c,155 :: 		Delay_ms(100);                  // Wait for UART module to stabilize
0x02FE	0x3002      	MOVLW      2
0x02FF	0x00FB      	MOVWF      R11
0x0300	0x3004      	MOVLW      4
0x0301	0x00FC      	MOVWF      R12
0x0302	0x30BA      	MOVLW      186
0x0303	0x00FD      	MOVWF      R13
L_main21:
0x0304	0x0BFD      	DECFSZ     R13, 1
0x0305	0x2B04      	GOTO       L_main21
0x0306	0x0BFC      	DECFSZ     R12, 1
0x0307	0x2B04      	GOTO       L_main21
0x0308	0x0BFB      	DECFSZ     R11, 1
0x0309	0x2B04      	GOTO       L_main21
0x030A	0x0000      	NOP
;auto.c,157 :: 		Lcd_Init();                        // Initialize LCD
0x030B	0x213F      	CALL       _Lcd_Init
;auto.c,159 :: 		Lcd_Out(2,6,txtDefault);                 // Write text in second row
0x030C	0x3002      	MOVLW      2
0x030D	0x00B7      	MOVWF      FARG_Lcd_Out_row
0x030E	0x3006      	MOVLW      6
0x030F	0x00B8      	MOVWF      FARG_Lcd_Out_column
0x0310	0x3024      	MOVLW      _txtDefault
0x0311	0x00B9      	MOVWF      FARG_Lcd_Out_text
0x0312	0x20BD      	CALL       _Lcd_Out
;auto.c,160 :: 		while (1) {
L_main22:
0x0313	0x1683      	BSF        STATUS, 5
0x0314	0x1303      	BCF        STATUS, 6
;auto.c,161 :: 		Lcd_Out(2,6,txtDefault);                 // Write text in second row
0x0315	0x3002      	MOVLW      2
0x0316	0x00B7      	MOVWF      FARG_Lcd_Out_row
0x0317	0x3006      	MOVLW      6
0x0318	0x00B8      	MOVWF      FARG_Lcd_Out_column
0x0319	0x3024      	MOVLW      _txtDefault
0x031A	0x00B9      	MOVWF      FARG_Lcd_Out_text
0x031B	0x20BD      	CALL       _Lcd_Out
;auto.c,162 :: 		if (UART1_Data_Ready()) {     // If data is received,
0x031C	0x2138      	CALL       _UART1_Data_Ready
0x031D	0x0870      	MOVF       R0, 0
0x031E	0x1903      	BTFSC      STATUS, 2
0x031F	0x2B3B      	GOTO       L_main24
;auto.c,164 :: 		uart_rd = 'A';
0x0320	0x3041      	MOVLW      65
0x0321	0x00EF      	MOVWF      _uart_rd
;auto.c,165 :: 		switch (uart_rd) {
0x0322	0x2B30      	GOTO       L_main25
;auto.c,166 :: 		case 'A': {               /* Modo automático */
L_main27:
;auto.c,167 :: 		Lcd_Out(2,6,txtAutomatic);
0x0323	0x3002      	MOVLW      2
0x0324	0x1683      	BSF        STATUS, 5
0x0325	0x00B7      	MOVWF      FARG_Lcd_Out_row
0x0326	0x3006      	MOVLW      6
0x0327	0x00B8      	MOVWF      FARG_Lcd_Out_column
0x0328	0x3064      	MOVLW      _txtAutomatic
0x0329	0x00B9      	MOVWF      FARG_Lcd_Out_text
0x032A	0x20BD      	CALL       _Lcd_Out
;auto.c,168 :: 		moverEnAutomatico();
0x032B	0x21ED      	CALL       _moverEnAutomatico
;auto.c,169 :: 		break;
0x032C	0x2B3B      	GOTO       L_main26
;auto.c,171 :: 		case 'M': {
L_main28:
;auto.c,172 :: 		moverManual();
0x032D	0x2225      	CALL       _moverManual
;auto.c,173 :: 		break;
0x032E	0x2B3B      	GOTO       L_main26
;auto.c,175 :: 		default:
L_main29:
;auto.c,176 :: 		break;
0x032F	0x2B3B      	GOTO       L_main26
;auto.c,177 :: 		}
L_main25:
0x0330	0x1283      	BCF        STATUS, 5
0x0331	0x1303      	BCF        STATUS, 6
0x0332	0x086F      	MOVF       _uart_rd, 0
0x0333	0x3A41      	XORLW      65
0x0334	0x1903      	BTFSC      STATUS, 2
0x0335	0x2B23      	GOTO       L_main27
0x0336	0x086F      	MOVF       _uart_rd, 0
0x0337	0x3A4D      	XORLW      77
0x0338	0x1903      	BTFSC      STATUS, 2
0x0339	0x2B2D      	GOTO       L_main28
0x033A	0x2B2F      	GOTO       L_main29
L_main26:
;auto.c,178 :: 		}
L_main24:
;auto.c,179 :: 		}
0x033B	0x2B13      	GOTO       L_main22
;auto.c,180 :: 		}
0x033C	0x2B3C      	GOTO       $+0
; end of _main
0x0396	0x3024      	MOVLW      36
0x0397	0x0084      	MOVWF      FSR
0x0398	0x304B      	MOVLW      75
0x0399	0x1283      	BCF        STATUS, 5
0x039A	0x1303      	BCF        STATUS, 6
0x039B	0x00F0      	MOVWF      R0
0x039C	0x3042      	MOVLW      66
0x039D	0x1683      	BSF        STATUS, 5
0x039E	0x00A9      	MOVWF      ___DoICPAddr
0x039F	0x3003      	MOVLW      3
0x03A0	0x00AA      	MOVWF      170
0x03A1	0x22B2      	CALL       690
0x03A2	0x30A0      	MOVLW      160
0x03A3	0x0084      	MOVWF      FSR
0x03A4	0x3009      	MOVLW      9
0x03A5	0x1303      	BCF        STATUS, 6
0x03A6	0x00F0      	MOVWF      R0
0x03A7	0x308D      	MOVLW      141
0x03A8	0x1683      	BSF        STATUS, 5
0x03A9	0x00A9      	MOVWF      ___DoICPAddr
0x03AA	0x3003      	MOVLW      3
0x03AB	0x00AA      	MOVWF      170
0x03AC	0x22B2      	CALL       690
0x03AD	0x0008      	RETURN
;auto.c,0 :: ?ICS_txtDefault
0x0342	0x3445 ;?ICS_txtDefault+0
0x0343	0x3473 ;?ICS_txtDefault+1
0x0344	0x3470 ;?ICS_txtDefault+2
0x0345	0x3465 ;?ICS_txtDefault+3
0x0346	0x3472 ;?ICS_txtDefault+4
0x0347	0x3461 ;?ICS_txtDefault+5
0x0348	0x346E ;?ICS_txtDefault+6
0x0349	0x3464 ;?ICS_txtDefault+7
0x034A	0x346F ;?ICS_txtDefault+8
0x034B	0x3420 ;?ICS_txtDefault+9
0x034C	0x3453 ;?ICS_txtDefault+10
0x034D	0x3465 ;?ICS_txtDefault+11
0x034E	0x346C ;?ICS_txtDefault+12
0x034F	0x3465 ;?ICS_txtDefault+13
0x0350	0x3463 ;?ICS_txtDefault+14
0x0351	0x3463 ;?ICS_txtDefault+15
0x0352	0x3469 ;?ICS_txtDefault+16
0x0353	0x346F ;?ICS_txtDefault+17
0x0354	0x346E ;?ICS_txtDefault+18
0x0355	0x3420 ;?ICS_txtDefault+19
0x0356	0x3464 ;?ICS_txtDefault+20
0x0357	0x3465 ;?ICS_txtDefault+21
0x0358	0x3420 ;?ICS_txtDefault+22
0x0359	0x344D ;?ICS_txtDefault+23
0x035A	0x346F ;?ICS_txtDefault+24
0x035B	0x3464 ;?ICS_txtDefault+25
0x035C	0x346F ;?ICS_txtDefault+26
0x035D	0x3420 ;?ICS_txtDefault+27
0x035E	0x3428 ;?ICS_txtDefault+28
0x035F	0x3441 ;?ICS_txtDefault+29
0x0360	0x3475 ;?ICS_txtDefault+30
0x0361	0x3474 ;?ICS_txtDefault+31
0x0362	0x346F ;?ICS_txtDefault+32
0x0363	0x346D ;?ICS_txtDefault+33
0x0364	0x34C3 ;?ICS_txtDefault+34
0x0365	0x34A1 ;?ICS_txtDefault+35
0x0366	0x3474 ;?ICS_txtDefault+36
0x0367	0x3469 ;?ICS_txtDefault+37
0x0368	0x3463 ;?ICS_txtDefault+38
0x0369	0x346F ;?ICS_txtDefault+39
0x036A	0x342F ;?ICS_txtDefault+40
0x036B	0x344D ;?ICS_txtDefault+41
0x036C	0x3461 ;?ICS_txtDefault+42
0x036D	0x346E ;?ICS_txtDefault+43
0x036E	0x3475 ;?ICS_txtDefault+44
0x036F	0x3461 ;?ICS_txtDefault+45
0x0370	0x346C ;?ICS_txtDefault+46
0x0371	0x3429 ;?ICS_txtDefault+47
0x0372	0x342E ;?ICS_txtDefault+48
0x0373	0x342E ;?ICS_txtDefault+49
0x0374	0x342E ;?ICS_txtDefault+50
0x0375	0x3400 ;?ICS_txtDefault+51
; end of ?ICS_txtDefault
;auto.c,0 :: ?ICS_bandera_mover
0x0376	0x3401 ;?ICS_bandera_mover+0
0x0377	0x3400 ;?ICS_bandera_mover+1
; end of ?ICS_bandera_mover
;auto.c,0 :: ?ICS_txtArriba
0x0378	0x3441 ;?ICS_txtArriba+0
0x0379	0x3472 ;?ICS_txtArriba+1
0x037A	0x3472 ;?ICS_txtArriba+2
0x037B	0x3469 ;?ICS_txtArriba+3
0x037C	0x3462 ;?ICS_txtArriba+4
0x037D	0x3461 ;?ICS_txtArriba+5
0x037E	0x342E ;?ICS_txtArriba+6
0x037F	0x342E ;?ICS_txtArriba+7
0x0380	0x342E ;?ICS_txtArriba+8
0x0381	0x3400 ;?ICS_txtArriba+9
; end of ?ICS_txtArriba
;auto.c,0 :: ?ICS_txtAutomatic
0x0382	0x3441 ;?ICS_txtAutomatic+0
0x0383	0x3475 ;?ICS_txtAutomatic+1
0x0384	0x3474 ;?ICS_txtAutomatic+2
0x0385	0x346F ;?ICS_txtAutomatic+3
0x0386	0x346D ;?ICS_txtAutomatic+4
0x0387	0x3461 ;?ICS_txtAutomatic+5
0x0388	0x3474 ;?ICS_txtAutomatic+6
0x0389	0x3469 ;?ICS_txtAutomatic+7
0x038A	0x3463 ;?ICS_txtAutomatic+8
0x038B	0x346F ;?ICS_txtAutomatic+9
0x038C	0x3400 ;?ICS_txtAutomatic+10
; end of ?ICS_txtAutomatic
;auto.c,0 :: ?ICS_txtAbajo
0x038D	0x3441 ;?ICS_txtAbajo+0
0x038E	0x3462 ;?ICS_txtAbajo+1
0x038F	0x3461 ;?ICS_txtAbajo+2
0x0390	0x346A ;?ICS_txtAbajo+3
0x0391	0x346F ;?ICS_txtAbajo+4
0x0392	0x342E ;?ICS_txtAbajo+5
0x0393	0x342E ;?ICS_txtAbajo+6
0x0394	0x342E ;?ICS_txtAbajo+7
0x0395	0x3400 ;?ICS_txtAbajo+8
; end of ?ICS_txtAbajo
Symbol List:
//** Routines locations **
//ADDRESS    SIZE    PROCEDURE
//----------------------------------------------
0x0004      [59]    _interrupt
0x003F      [13]    _Delay_5500us
0x004C       [3]    _Delay_1us
0x004F       [7]    _Delay_50us
0x0056      [94]    _Lcd_Cmd
0x00B4       [9]    _Lcd_Chr_CP
0x00BD      [65]    _Lcd_Out
0x00FE       [8]    _Delay_22us
0x0106      [43]    _Mul_16x16_U
0x0131       [7]    _____DoICP
0x0138       [7]    _UART1_Data_Ready
0x013F      [79]    _Lcd_Init
0x018E       [6]    _PWM2_Init
0x0194      [59]    _PWM2_Set_Duty
0x01CF       [8]    _PWM1_Start
0x01D7      [16]    _UART1_Init
0x01E7       [6]    _PWM1_Init
0x01ED      [20]    _moverEnAutomatico
0x0201      [36]    _ADC_Read
0x0225      [82]    _moverManual
0x0277      [59]    _PWM1_Set_Duty
0x02B2      [12]    ___CC2DW
0x02BE       [8]    _PWM2_Start
0x02C6     [118]    _main
//** Variables locations ** 
//ADDRESS    SIZE    VARIABLE
//----------------------------------------------
0x0000       [1]    INDF
0x0001       [1]    TMR0
0x0002       [1]    PCL
0x0003       [0]    NOT_PD_bit
0x0003       [0]    NOT_TO_bit
0x0003       [0]    IRP_bit
0x0003       [0]    Z_bit
0x0003       [1]    STATUS
0x0003       [0]    DC_bit
0x0003       [0]    C_bit
0x0003       [0]    RP1_bit
0x0003       [0]    RP0_bit
0x0004       [1]    FSR
0x0004       [1]    FSRPTR
0x0005       [0]    RA4_bit
0x0005       [0]    RA0_bit
0x0005       [0]    RA3_bit
0x0005       [0]    RA6_bit
0x0005       [1]    PORTA
0x0005       [0]    RA7_bit
0x0005       [0]    RA2_bit
0x0005       [0]    RA5_bit
0x0005       [0]    RA1_bit
0x0006       [0]    LCD_RS
0x0006       [0]    RB5_bit
0x0006       [0]    RB4_bit
0x0006       [0]    RB7_bit
0x0006       [0]    RB6_bit
0x0006       [0]    RB0_bit
0x0006       [0]    LCD_D5
0x0006       [0]    LCD_D6
0x0006       [0]    RB1_bit
0x0006       [0]    LCD_D7
0x0006       [0]    RB3_bit
0x0006       [0]    LCD_EN
0x0006       [0]    LCD_D4
0x0006       [0]    RB2_bit
0x0006       [1]    PORTB
0x0007       [0]    RC7_bit
0x0007       [0]    RC3_bit
0x0007       [0]    RC2_bit
0x0007       [0]    RC4_bit
0x0007       [0]    RC6_bit
0x0007       [1]    PORTC
0x0007       [0]    RC5_bit
0x0007       [0]    RC1_bit
0x0007       [0]    RC0_bit
0x0008       [0]    RD1_bit
0x0008       [0]    RD2_bit
0x0008       [0]    RD0_bit
0x0008       [0]    RD3_bit
0x0008       [0]    RD6_bit
0x0008       [0]    RD7_bit
0x0008       [0]    RD5_bit
0x0008       [1]    PORTD
0x0008       [0]    RD4_bit
0x0009       [0]    RE3_bit
0x0009       [0]    RE2_bit
0x0009       [0]    RE0_bit
0x0009       [0]    RE1_bit
0x0009       [1]    PORTE
0x000A       [1]    PCLATH
0x000B       [0]    TMR0IF_bit
0x000B       [0]    T0IF_bit
0x000B       [0]    T0IE_bit
0x000B       [0]    RBIE_bit
0x000B       [1]    INTCON
0x000B       [0]    INTF_bit
0x000B       [0]    RBIF_bit
0x000B       [0]    TMR0IE_bit
0x000B       [0]    INTE_bit
0x000B       [0]    GIE_bit
0x000B       [0]    PEIE_bit
0x000C       [0]    TXIF_bit
0x000C       [0]    SSPIF_bit
0x000C       [0]    CCP1IF_bit
0x000C       [0]    TMR2IF_bit
0x000C       [1]    PIR1
0x000C       [0]    RCIF_bit
0x000C       [0]    ADIF_bit
0x000C       [0]    TMR1IF_bit
0x000D       [0]    ULPWUIF_bit
0x000D       [0]    BCLIF_bit
0x000D       [0]    EEIF_bit
0x000D       [0]    OSFIF_bit
0x000D       [0]    C2IF_bit
0x000D       [0]    C1IF_bit
0x000D       [1]    PIR2
0x000D       [0]    CCP2IF_bit
0x000E       [1]    TMR1L
0x000F       [1]    TMR1H
0x0010       [0]    T1CKPS0_bit
0x0010       [0]    TMR1ON_bit
0x0010       [0]    T1CKPS1_bit
0x0010       [1]    T1CON
0x0010       [0]    T1GINV_T1CON_bit
0x0010       [0]    NOT_T1SYNC_bit
0x0010       [0]    TMR1GE_bit
0x0010       [0]    T1OSCEN_bit
0x0010       [0]    T1GINV_bit
0x0010       [0]    T1SYNC_bit
0x0010       [0]    T1INSYNC_bit
0x0010       [0]    TMR1CS_bit
0x0011       [1]    TMR2
0x0012       [0]    T2CKPS1_bit
0x0012       [0]    TOUTPS0_bit
0x0012       [0]    TOUTPS1_bit
0x0012       [1]    T2CON
0x0012       [0]    TMR2ON_bit
0x0012       [0]    T2CKPS0_bit
0x0012       [0]    TOUTPS3_bit
0x0012       [0]    TOUTPS2_bit
0x0013       [1]    SSPBUF
0x0014       [0]    SSPOV_bit
0x0014       [0]    SSPM2_bit
0x0014       [0]    SSPM3_bit
0x0014       [1]    SSPCON
0x0014       [0]    SSPM0_bit
0x0014       [0]    WCOL_bit
0x0014       [0]    CKP_bit
0x0014       [0]    SSPEN_bit
0x0014       [0]    SSPM1_bit
0x0015       [2]    CCPR1
0x0015       [1]    CCPR1L
0x0016       [1]    CCPR1H
0x0017       [0]    DC1B0_bit
0x0017       [0]    DC1B1_bit
0x0017       [0]    CCP1X_bit
0x0017       [0]    CCP1M3_bit
0x0017       [0]    P1M1_bit
0x0017       [0]    CCP1Y_bit
0x0017       [0]    CCP1M0_bit
0x0017       [0]    P1M0_bit
0x0017       [0]    CCP1M1_bit
0x0017       [1]    CCP1CON
0x0017       [0]    CCP1M2_bit
0x0018       [0]    RC9_bit
0x0018       [0]    RX9D_bit
0x0018       [0]    CREN_bit
0x0018       [1]    RCSTA
0x0018       [0]    FERR_bit
0x0018       [0]    RCD8_bit
0x0018       [0]    OERR_bit
0x0018       [0]    RX9_bit
0x0018       [0]    ADDEN_bit
0x0018       [0]    NOT_RC8_bit
0x0018       [0]    SPEN_bit
0x0018       [0]    RC8_9_bit
0x0018       [0]    SREN_bit
0x0019       [1]    TXREG
0x001A       [1]    RCREG
0x001B       [2]    CCPR2
0x001B       [1]    CCPR2L
0x001C       [1]    CCPR2H
0x001D       [0]    DC2B0_bit
0x001D       [0]    CCP2M2_bit
0x001D       [0]    CCP2M0_bit
0x001D       [0]    DC2B1_bit
0x001D       [0]    CCP2X_bit
0x001D       [0]    CCP2Y_bit
0x001D       [0]    CCP2M3_bit
0x001D       [0]    CCP2M1_bit
0x001D       [1]    CCP2CON
0x001E       [1]    ADRESH
0x001F       [1]    ADCON0
0x001F       [0]    ADON_bit
0x001F       [0]    CHS3_bit
0x001F       [0]    CHS2_bit
0x001F       [0]    ADCS0_bit
0x001F       [0]    NOT_DONE_bit
0x001F       [0]    ADCS1_bit
0x001F       [0]    GO_bit
0x001F       [0]    GO_NOT_DONE_bit
0x001F       [0]    GO_DONE_bit
0x001F       [0]    CHS1_bit
0x001F       [0]    CHS0_bit
0x0024      [52]    _txtDefault
0x0058       [2]    _bandera_mover
0x005A      [10]    _txtArriba
0x0064      [11]    _txtAutomatic
0x006F       [1]    _uart_rd
0x0070       [1]    R0
0x0071       [1]    R1
0x0072       [1]    R2
0x0073       [1]    R3
0x0074       [1]    R4
0x0075       [1]    R5
0x0076       [1]    R6
0x0077       [1]    R7
0x0078       [1]    R8
0x0079       [1]    R9
0x007A       [1]    R10
0x007B       [1]    R11
0x007C       [1]    R12
0x007D       [1]    R13
0x007E       [1]    R14
0x007F       [1]    R15
0x0081       [0]    T0CS_bit
0x0081       [0]    PSA_bit
0x0081       [0]    T0SE_bit
0x0081       [0]    PS2_bit
0x0081       [1]    OPTION_REG
0x0081       [0]    PS1_bit
0x0081       [0]    INTEDG_bit
0x0081       [0]    NOT_RBPU_bit
0x0081       [0]    PS0_bit
0x0085       [0]    TRISA6_bit
0x0085       [0]    TRISA7_bit
0x0085       [0]    TRISA1_bit
0x0085       [0]    TRISA0_bit
0x0085       [1]    TRISA
0x0085       [0]    TRISA2_bit
0x0085       [0]    TRISA5_bit
0x0085       [0]    TRISA4_bit
0x0085       [0]    TRISA3_bit
0x0086       [0]    LCD_D4_Direction
0x0086       [0]    LCD_D6_Direction
0x0086       [0]    LCD_D5_Direction
0x0086       [0]    LCD_EN_Direction
0x0086       [0]    LCD_RS_Direction
0x0086       [0]    TRISB4_bit
0x0086       [0]    TRISB5_bit
0x0086       [0]    TRISB1_bit
0x0086       [0]    TRISB0_bit
0x0086       [0]    TRISB2_bit
0x0086       [1]    TRISB
0x0086       [0]    LCD_D7_Direction
0x0086       [0]    TRISB6_bit
0x0086       [0]    TRISB7_bit
0x0086       [0]    TRISB3_bit
0x0087       [0]    TRISC5_bit
0x0087       [0]    TRISC0_bit
0x0087       [1]    TRISC
0x0087       [0]    TRISC7_bit
0x0087       [0]    TRISC6_bit
0x0087       [0]    TRISC4_bit
0x0087       [0]    TRISC1_bit
0x0087       [0]    TRISC2_bit
0x0087       [0]    TRISC3_bit
0x0088       [0]    TRISD2_bit
0x0088       [0]    TRISD6_bit
0x0088       [0]    TRISD3_bit
0x0088       [1]    TRISD
0x0088       [0]    TRISD4_bit
0x0088       [0]    TRISD7_bit
0x0088       [0]    TRISD5_bit
0x0088       [0]    TRISD0_bit
0x0088       [0]    TRISD1_bit
0x0089       [0]    TRISE0_bit
0x0089       [1]    TRISE
0x0089       [0]    TRISE3_bit
0x0089       [0]    TRISE2_bit
0x0089       [0]    TRISE1_bit
0x008C       [0]    TXIE_bit
0x008C       [0]    RCIE_bit
0x008C       [0]    ADIE_bit
0x008C       [0]    SSPIE_bit
0x008C       [0]    TMR1IE_bit
0x008C       [1]    PIE1
0x008C       [0]    CCP1IE_bit
0x008C       [0]    TMR2IE_bit
0x008D       [0]    EEIE_bit
0x008D       [0]    C1IE_bit
0x008D       [1]    PIE2
0x008D       [0]    BCLIE_bit
0x008D       [0]    CCP2IE_bit
0x008D       [0]    C2IE_bit
0x008D       [0]    OSFIE_bit
0x008D       [0]    ULPWUIE_bit
0x008E       [0]    SBOREN_bit
0x008E       [0]    NOT_POR_bit
0x008E       [1]    PCON
0x008E       [0]    NOT_BOR_bit
0x008E       [0]    NOT_BO_bit
0x008E       [0]    ULPWUE_bit
0x008F       [0]    OSTS_bit
0x008F       [0]    HTS_bit
0x008F       [0]    IRCF0_bit
0x008F       [0]    IRCF2_bit
0x008F       [0]    IRCF1_bit
0x008F       [0]    SCS_bit
0x008F       [1]    OSCCON
0x008F       [0]    LTS_bit
0x0090       [0]    TUN1_bit
0x0090       [0]    TUN2_bit
0x0090       [0]    TUN4_bit
0x0090       [0]    TUN3_bit
0x0090       [1]    OSCTUNE
0x0090       [0]    TUN0_bit
0x0091       [0]    ACKDT_bit
0x0091       [0]    ACKEN_bit
0x0091       [0]    RCEN_bit
0x0091       [0]    GCEN_bit
0x0091       [1]    SSPCON2
0x0091       [0]    ACKSTAT_bit
0x0091       [0]    RSEN_bit
0x0091       [0]    SEN_bit
0x0091       [0]    PEN_bit
0x0092       [1]    PR2
0x0093       [0]    MSK4_bit
0x0093       [0]    MSK3_bit
0x0093       [0]    MSK2_bit
0x0093       [0]    MSK7_bit
0x0093       [0]    MSK6_bit
0x0093       [0]    MSK5_bit
0x0093       [0]    MSK0_bit
0x0093       [1]    SSPADD
0x0093       [1]    MSK
0x0093       [0]    MSK1_bit
0x0093       [1]    SSPMSK
0x0094       [1]    SSPSTAT
0x0094       [0]    I2C_DATA_bit
0x0094       [0]    NOT_W_bit
0x0094       [0]    NOT_A_bit
0x0094       [0]    I2C_READ_bit
0x0094       [0]    I2C_START__bit
0x0094       [0]    I2C_STOP__bit
0x0094       [0]    D_A_bit
0x0094       [0]    READ_WRITE_bit
0x0094       [0]    DATA_ADDRESS_bit
0x0094       [0]    NOT_WRITE_bit
0x0094       [0]    NOT_ADDRESS_bit
0x0094       [0]    R_W_bit
0x0094       [0]    S_bit
0x0094       [0]    P_bit
0x0094       [0]    R_NOT_W_bit
0x0094       [0]    BF_bit
0x0094       [0]    UA_bit
0x0094       [0]    SMP_bit
0x0094       [0]    R_bit
0x0094       [0]    D_bit
0x0094       [0]    CKE_bit
0x0094       [0]    D_NOT_A_bit
0x0095       [0]    WPUB6_bit
0x0095       [0]    WPUB1_bit
0x0095       [0]    WPUB0_bit
0x0095       [0]    WPUB7_bit
0x0095       [0]    WPUB3_bit
0x0095       [0]    WPUB4_bit
0x0095       [0]    WPUB2_bit
0x0095       [0]    WPUB5_bit
0x0095       [1]    WPUB
0x0096       [0]    IOCB6_bit
0x0096       [0]    IOCB3_bit
0x0096       [0]    IOCB5_bit
0x0096       [0]    IOCB4_bit
0x0096       [0]    IOCB7_bit
0x0096       [1]    IOCB
0x0096       [0]    IOCB0_bit
0x0096       [0]    IOCB2_bit
0x0096       [0]    IOCB1_bit
0x0097       [0]    VR1_bit
0x0097       [0]    VR0_bit
0x0097       [0]    VR3_bit
0x0097       [0]    VR2_bit
0x0097       [0]    VRR_bit
0x0097       [0]    VRSS_bit
0x0097       [0]    VREN_bit
0x0097       [0]    VROE_bit
0x0097       [1]    VRCON
0x0098       [0]    SENDB_bit
0x0098       [0]    SYNC_bit
0x0098       [0]    TRMT_bit
0x0098       [0]    BRGH_bit
0x0098       [0]    TX8_9_bit
0x0098       [0]    CSRC_bit
0x0098       [0]    TXD8_bit
0x0098       [0]    TX9_bit
0x0098       [0]    TXEN_bit
0x0098       [0]    NOT_TX8_bit
0x0098       [1]    TXSTA
0x0098       [0]    TX9D_bit
0x0099       [0]    BRG5_bit
0x0099       [0]    BRG4_bit
0x0099       [0]    BRG7_bit
0x0099       [0]    BRG6_bit
0x0099       [0]    BRG1_bit
0x0099       [0]    BRG0_bit
0x0099       [0]    BRG3_bit
0x0099       [0]    BRG2_bit
0x0099       [1]    SPBRG
0x009A       [0]    BRG10_bit
0x009A       [0]    BRG11_bit
0x009A       [0]    BRG9_bit
0x009A       [0]    BRG8_bit
0x009A       [0]    BRG14_bit
0x009A       [0]    BRG15_bit
0x009A       [0]    BRG12_bit
0x009A       [0]    BRG13_bit
0x009A       [1]    SPBRGH
0x009B       [0]    PDC1_bit
0x009B       [0]    PDC0_bit
0x009B       [0]    PRSEN_bit
0x009B       [0]    PDC2_bit
0x009B       [0]    PDC5_bit
0x009B       [0]    PDC6_bit
0x009B       [0]    PDC3_bit
0x009B       [0]    PDC4_bit
0x009B       [1]    PWM1CON
0x009C       [0]    ECCPAS0_bit
0x009C       [0]    PSSBD0_bit
0x009C       [0]    ECCPAS2_bit
0x009C       [0]    ECCPASE_bit
0x009C       [0]    PSSBD1_bit
0x009C       [0]    PSSAC0_bit
0x009C       [0]    PSSAC1_bit
0x009C       [0]    ECCPAS1_bit
0x009C       [1]    ECCPAS
0x009D       [1]    PSTRCON
0x009D       [0]    STRB_bit
0x009D       [0]    STRA_bit
0x009D       [0]    STRC_bit
0x009D       [0]    STRD_bit
0x009D       [0]    STRSYNC_bit
0x009E       [1]    ADRESL
0x009F       [1]    ADCON1
0x009F       [0]    VCFG0_bit
0x009F       [0]    ADFM_bit
0x009F       [0]    VCFG1_bit
0x00A0       [9]    _txtAbajo
0x00A9       [2]    ___DoICPAddr
0x00AB       [1]    _uart_rd_temp
0x00AC       [1]    ___saveSTATUS
0x00AD       [1]    ___savePCLATH
0x00AE       [2]    _temp_res_backward
0x00B0       [0]    __Lib_Lcd_cmd_status
0x00B1       [2]    _temp_res_forward
0x00B3       [1]    FARG_PWM1_Set_Duty_new_duty
0x00B3       [4]    FARG_PWM1_Init_PWM_Freq
0x00B3       [4]    FARG_PWM2_Init_PWM_Freq
0x00B3       [1]    FARG_PWM2_Set_Duty_new_duty
0x00B7       [1]    FARG_Lcd_Out_row
0x00B8       [1]    FARG_Lcd_Out_column
0x00B9       [1]    FARG_Lcd_Out_text
0x00BA       [1]    Lcd_Out_i_L0
0x00BB       [1]    FARG_Lcd_Chr_CP_out_char
0x00BC       [1]    FARG_Lcd_Cmd_out_char
0x00BD       [1]    FARG_ADC_Read_channel
0x0105       [0]    WDTPS2_bit
0x0105       [0]    WDTPS3_bit
0x0105       [1]    WDTCON
0x0105       [0]    SWDTEN_bit
0x0105       [0]    WDTPS0_bit
0x0105       [0]    WDTPS1_bit
0x0107       [0]    C1CH1_bit
0x0107       [1]    CM1CON0
0x0107       [0]    C1POL_bit
0x0107       [0]    C1R_bit
0x0107       [0]    C1CH0_bit
0x0107       [0]    C1OE_bit
0x0107       [0]    C1ON_bit
0x0107       [0]    C1OUT_bit
0x0108       [0]    C2CH0_bit
0x0108       [0]    C2ON_bit
0x0108       [0]    C2CH1_bit
0x0108       [0]    C2POL_bit
0x0108       [0]    C2OE_bit
0x0108       [0]    C2R_bit
0x0108       [1]    CM2CON0
0x0108       [0]    C2OUT_bit
0x0109       [0]    C1RSEL_bit
0x0109       [0]    MC2OUT_bit
0x0109       [0]    MC1OUT_bit
0x0109       [0]    C2SYNC_bit
0x0109       [0]    T1GSS_bit
0x0109       [0]    C2RSEL_bit
0x0109       [1]    CM2CON1
0x010C       [1]    EEDATA
0x010C       [1]    EEDAT
0x010D       [1]    EEADR
0x010E       [1]    EEDATH
0x010F       [1]    EEADRH
0x0185       [0]    C1SEN_bit
0x0185       [0]    C2REN_bit
0x0185       [0]    SR1_bit
0x0185       [0]    SR0_bit
0x0185       [0]    FVREN_bit
0x0185       [1]    SRCON
0x0185       [0]    PULSS_bit
0x0185       [0]    PULSR_bit
0x0187       [0]    SCKP_bit
0x0187       [0]    RCIDL_bit
0x0187       [0]    ABDOVF_bit
0x0187       [0]    BRG16_bit
0x0187       [0]    ABDEN_bit
0x0187       [0]    WUE_bit
0x0187       [1]    BAUDCTL
0x0188       [0]    ANS5_bit
0x0188       [0]    ANS4_bit
0x0188       [0]    ANS6_bit
0x0188       [1]    ANSEL
0x0188       [0]    ANS7_bit
0x0188       [0]    ANS3_bit
0x0188       [0]    ANS1_bit
0x0188       [0]    ANS0_bit
0x0188       [0]    ANS2_bit
0x0189       [0]    ANS11_bit
0x0189       [0]    ANS10_bit
0x0189       [0]    ANS13_bit
0x0189       [0]    ANS12_bit
0x0189       [0]    ANS9_bit
0x0189       [0]    ANS8_bit
0x0189       [1]    ANSELH
0x018C       [1]    EECON1
0x018C       [0]    WR_bit
0x018C       [0]    WRERR_bit
0x018C       [0]    WREN_bit
0x018C       [0]    EEPGD_bit
0x018C       [0]    RD_bit
0x018D       [1]    EECON2
//** Constants locations ** 
//ADDRESS    SIZE    CONSTANT
//----------------------------------------------
0x0342      [52]    ?ICS_txtDefault
0x0376       [2]    ?ICS_bandera_mover
0x0378      [10]    ?ICS_txtArriba
0x0382      [11]    ?ICS_txtAutomatic
0x038D       [9]    ?ICS_txtAbajo
//** Label List: ** 
//----------------------------------------------
  L_moverManual0
  L_moverManual1
  L_moverManual2
  L_moverManual3
  L_moverManual4
  L_moverManual5
  L_moverManual6
  L_moverManual7
  L_moverManual8
  L_moverManual9
  L_moverManual10
  L_moverManual11
  L_moverManual12
  L_moverManual13
  L_moverManual14
  L_moverManual15
  L_moverManual16
  L_moverEnAutomatico17
  L_moverEnAutomatico18
  L_interrupt19
  L_main20
  L_main21
  L_main22
  L_main23
  L_main24
  L_main25
  L_main26
  L_main27
  L_main28
  L_main29
  L__moverManual30
  L__moverManual31
  L__moverManual32
  L__moverManual33
  _darVuelta
  _moverManual
  _pararVehiculo
  _girarDerecha
  _girarIzquierda
  _moverAtras
  _moverEnAutomatico
  _checkADC
  _interrupt
  L__interrupt34
  _main
  L_Delay_10us0
  L_Delay_22us1
  L_Delay_50us2
  L_Delay_80us3
  L_Delay_500us4
  L_Delay_5500us5
  L_Delay_1ms6
  L_Delay_5ms7
  L_Delay_8ms8
  L_Delay_10ms9
  L_Delay_100ms10
  L_Delay_1sec11
  L_boot16_Delay_5ms12
  L_Delay_Cyc13
  L_Delay_Cyc14
  L_VDelay_ms15
  L_VDelay_ms16
  L_VDelay_ms17
  L_VDelay_Advanced_ms18
  L_VDelay_Advanced_ms19
  L_VDelay_Advanced_ms20
  _Get_Fosc_kHz
  _Delay_1us
  _Delay_10us
  _Delay_22us
  _Delay_50us
  _Delay_80us
  _Delay_500us
  _Delay_5500us
  _Delay_1ms
  _Delay_5ms
  _Delay_8ms
  _Delay_10ms
  _Delay_100ms
  _Delay_1sec
  _boot16_Delay_5ms
  _Delay_Cyc
  _VDelay_ms
  L__VDelay_ms21
  L__VDelay_ms22
  L__VDelay_ms23
  _VDelay_Advanced_ms
  L__VDelay_Advanced_ms24
  L__VDelay_Advanced_ms25
  L__VDelay_Advanced_ms26
  L_Lcd_Cmd0
  L_Lcd_Cmd1
  L_Lcd_Out_CP2
  L_Lcd_Out_CP3
  L_Lcd_Chr4
  L_Lcd_Chr5
  L_Lcd_Chr6
  L_Lcd_Chr7
  L_Lcd_Chr8
  L_Lcd_Chr9
  L_Lcd_Chr10
  L_Lcd_Out11
  L_Lcd_Out12
  L_Lcd_Out13
  L_Lcd_Out14
  L_Lcd_Out15
  L_Lcd_Out16
  L_Lcd_Out17
  L_Lcd_Out18
  L_Lcd_Out19
  L_end_Lcd_Cmd
  _Lcd_Cmd
  L__Lcd_Cmd21
  L__Lcd_Cmd22
  L__Lcd_Cmd23
  L__Lcd_Cmd24
  L__Lcd_Cmd25
  L__Lcd_Cmd26
  L__Lcd_Cmd27
  L__Lcd_Cmd28
  L__Lcd_Cmd29
  L__Lcd_Cmd30
  L__Lcd_Cmd31
  L__Lcd_Cmd32
  L__Lcd_Cmd33
  L__Lcd_Cmd34
  L__Lcd_Cmd35
  L__Lcd_Cmd36
  L__Lcd_Cmd37
  L__Lcd_Cmd38
  L__Lcd_Cmd39
  L__Lcd_Cmd40
  L_end_Lcd_Chr_CP
  _Lcd_Chr_CP
  L_end_Lcd_Out_CP
  _Lcd_Out_CP
  L_end_Lcd_Chr
  _Lcd_Chr
  L_end_Lcd_Init
  _Lcd_Init
  L_end_Lcd_Out
  _Lcd_Out
  L_Div_16x16_S0
  L_Div_16x16_S1
  LOOPS3232A
  SADD22LA
  SOK22LA
  SADD22L8
  SOK22L8
  LOOPS3232B
  SADD22LB
  SOK22LB
  SADD22L16
  SOK22L16
  LOOPS3232C
  SADD22LC
  SOK22LC
  SADD22L24
  SOK22L24
  LOOPS3232D
  SADD22LD
  SOK22LD
  SOK22L
  L_Div_32x32_S6
  L_Div_32x32_S7
  L_Div_32x32_S8
  L_Div_32x32_S9
  FXD3232S
  END_ALL
  CA3232S
  C3232SX
  C3232SX1
  C3232S
  C3232S2
  C3232SX4
  C3232SOK
  C3232SX3
  C3232SX2
  avoid_comfrem
  LOOPU3232A
  UADD22LA
  UOK22LA
  UADD22L8
  UOK22L8
  LOOPU3232B
  UADD22LB
  UOK22LB
  UADD22L16
  UOK22L16
  LOOPU3232C
  UADD22LC
  UOK22LC
  UADD22L24
  UOK22L24
  LOOPU3232D
  UADD22LD
  UOK22LD
  UOK22L
  _NEXT
  _EXIT2
  _LOOP
  _EXIT1
  _IF_FIRST
  _IF_SECOND
  _INVERCE_FIRST
  _MULT
  _INBERSE_SECOND
  _EXIT
  L_end_Mul_8x8_U
  _Mul_8x8_U
  L_end_Mul_16x16_U
  _Mul_16x16_U
  L_end_Div_8x8_U
  _Div_8x8_U
  L_end_Div_16x16_U
  _Div_16x16_U
  L_end_Mul_8x8_S
  _Mul_8x8_S
  L_end_Mul_16x16_S
  _Mul_16x16_S
  L_end_Div_16x16_S_L
  _Div_16x16_S_L
  L_end_Div_16x16_S
  _Div_16x16_S
  L_end_Div_8x8_S
  _Div_8x8_S
  L_end_SDIV3232L
  _SDIV3232L
  L_end_COMFREM
  _COMFREM
  L_end_Div_32x32_S
  _Div_32x32_S
  L_end_Div_32x32_U
  _Div_32x32_U
  L_end_Mul_32x32_U
  _Mul_32x32_U
  L_end_Mul_32x32_S
  _Mul_32x32_S
  L_end_PWM2_Init
  _PWM2_Init
  L_end_PWM2_Set_Duty
  _PWM2_Set_Duty
  L__PWM2_Set_Duty2
  L__PWM2_Set_Duty3
  L__PWM2_Set_Duty4
  L__PWM2_Set_Duty5
  L_end_PWM2_Start
  _PWM2_Start
  L_end_PWM2_Stop
  _PWM2_Stop
  L_end_PWM1_Init
  _PWM1_Init
  L_end_PWM1_Set_Duty
  _PWM1_Set_Duty
  L__PWM1_Set_Duty10
  L__PWM1_Set_Duty11
  L__PWM1_Set_Duty12
  L__PWM1_Set_Duty13
  L_end_PWM1_Start
  _PWM1_Start
  L_end_PWM1_Stop
  _PWM1_Stop
  L_loopCA2AWs
  L_CA2AWend
  _CCA2AW_Loop1
  L_loopCS2Ss
  L_CS2Send
  _CCS2S_Loop1
  L_CCS2Send
  L_loopFZinSWs
  L_FZinSend
  _CC2D_Loop1
  L_end_____DoICP
  _____DoICP
  L_end_____DoIFC
  _____DoIFC
  L_end___CA2AW
  ___CA2AW
  L_end___CCA2AW
  ___CCA2AW
  L_end___CS2S
  ___CS2S
  L_end___CCS2S
  ___CCS2S
  L_end___FZinS
  ___FZinS
  L_end___CC2DW
  ___CC2DW
  L_end_Swap
  _Swap
  L_UART1_Init0
  L_UART1_Init1
  L_UART1_Read2
  L_UART1_Write3
  L_UART1_Write4
  L_UART1_Write_Text5
  L_UART1_Write_Text6
  L_UART1_Read_Text7
  L_UART1_Read_Text8
  L_UART1_Read_Text9
  L_UART1_Read_Text10
  L_UART1_Read_Text11
  L_UART1_Read_Text12
  L_UART1_Read_Text13
  L_UART1_Read_Text14
  L_UART1_Read_Text15
  L_end_UART1_Init
  _UART1_Init
  L_end_UART1_Data_Ready
  _UART1_Data_Ready
  L_end_UART1_Read
  _UART1_Read
  L_end_UART1_Tx_Idle
  _UART1_Tx_Idle
  L_end_UART1_Write
  _UART1_Write
  L_end_UART1_Write_Text
  _UART1_Write_Text
  L_end_UART1_Read_Text
  _UART1_Read_Text
  L_moverManual0
  L_moverManual1
  L_moverManual2
  L_moverManual3
  L_moverManual4
  L_moverManual5
  L_moverManual6
  L_moverManual7
  L_moverManual8
  L_moverManual9
  L_moverManual10
  L_moverManual11
  L_moverManual12
  L_moverManual13
  L_moverManual14
  L_moverManual15
  L_moverManual16
  L_moverEnAutomatico17
  L_moverEnAutomatico18
  L_interrupt19
  L_main20
  L_main21
  L_main22
  L_main23
  L_main24
  L_main25
  L_main26
  L_main27
  L_main28
  L_main29
  L__moverManual30
  L__moverManual31
  L__moverManual32
  L__moverManual33
  _darVuelta
  _moverManual
  _pararVehiculo
  _girarDerecha
  _girarIzquierda
  _moverAtras
  _moverEnAutomatico
  _checkADC
  _interrupt
  L__interrupt34
  _main
  L_ADC_Get_Sample0
  L_ADC_Get_Sample1
  L_ADC_Read2
  L_ADC_Read3
  L_end_ADC_Init
  _ADC_Init
  L_end_ADC_Get_Sample
  _ADC_Get_Sample
  L_end_ADC_Read
  _ADC_Read
  L_Delay_10us0
  L_Delay_22us1
  L_Delay_50us2
  L_Delay_80us3
  L_Delay_500us4
  L_Delay_5500us5
  L_Delay_1ms6
  L_Delay_5ms7
  L_Delay_8ms8
  L_Delay_10ms9
  L_Delay_100ms10
  L_Delay_1sec11
  L_boot16_Delay_5ms12
  L_Delay_Cyc13
  L_Delay_Cyc14
  L_VDelay_ms15
  L_VDelay_ms16
  L_VDelay_ms17
  L_VDelay_Advanced_ms18
  L_VDelay_Advanced_ms19
  L_VDelay_Advanced_ms20
  _Get_Fosc_kHz
  _Delay_1us
  _Delay_10us
  _Delay_22us
  _Delay_50us
  _Delay_80us
  _Delay_500us
  _Delay_5500us
  _Delay_1ms
  _Delay_5ms
  _Delay_8ms
  _Delay_10ms
  _Delay_100ms
  _Delay_1sec
  _boot16_Delay_5ms
  _Delay_Cyc
  _VDelay_ms
  L__VDelay_ms21
  L__VDelay_ms22
  L__VDelay_ms23
  _VDelay_Advanced_ms
  L__VDelay_Advanced_ms24
  L__VDelay_Advanced_ms25
  L__VDelay_Advanced_ms26
